<?xml version="1.0" encoding="UTF-8"?>
<testsuite xmlns:xsi="http://www.w3.org/2001/XMLSchema-instance" xsi:noNamespaceSchemaLocation="https://maven.apache.org/surefire/maven-failsafe-plugin/xsd/failsafe-test-report-3.0.xsd" version="3.0" name="com.banco.core.service.ProcesadorTransaccionesServiceIT" time="3.835" tests="1" errors="0" skipped="0" failures="0">
  <properties>
[...]
</properties>
  <testcase name="procesaVariosEnParalelo" classname="com.banco.core.service.ProcesadorTransaccionesServiceIT" time="0.186">
    <system-out><![CDATA[2026-05-19T00:49:18.273-06:00  INFO 18504 --- [           main] t.c.s.AnnotationConfigContextLoaderUtils : Could not detect default configuration classes for test class [com.banco.core.service.ProcesadorTransaccionesServiceIT]: ProcesadorTransaccionesServiceIT does not declare any static, non-private, non-final, nested classes annotated with @Configuration.
2026-05-19T00:49:18.285-06:00  INFO 18504 --- [           main] .b.t.c.SpringBootTestContextBootstrapper : Found @SpringBootConfiguration com.banco.core.BancoCoreApplication for test class com.banco.core.service.ProcesadorTransaccionesServiceIT

  .   ____          _            __ _ _
 /\\ / ___'_ __ _ _(_)_ __  __ _ \ \ \ \
( ( )\___ | '_ | '_| | '_ \/ _` | \ \ \ \
 \\/  ___)| |_)| | | | | || (_| |  ) ) ) )
  '  |____| .__|_| |_|_| |_\__, | / / / /
 =========|_|==============|___/=/_/_/_/
 :: Spring Boot ::                (v3.2.3)

2026-05-19T00:49:18.332-06:00  INFO 18504 --- [           main] c.b.c.s.ProcesadorTransaccionesServiceIT : Starting ProcesadorTransaccionesServiceIT using Java 21.0.11 with PID 18504 (started by nelso in D:\Data\ProgramacionAvanzadaJava\proyecto-final)
2026-05-19T00:49:18.332-06:00  INFO 18504 --- [           main] c.b.c.s.ProcesadorTransaccionesServiceIT : No active profile set, falling back to 1 default profile: "default"
2026-05-19T00:49:18.709-06:00  WARN 18504 --- [ntainer#0-0-C-1] org.apache.kafka.clients.NetworkClient   : [Consumer clientId=consumer-banco-group-1, groupId=banco-group] Connection to node -1 (localhost/127.0.0.1:9092) could not be established. Broker may not be available.
2026-05-19T00:49:18.709-06:00  WARN 18504 --- [ntainer#0-0-C-1] org.apache.kafka.clients.NetworkClient   : [Consumer clientId=consumer-banco-group-1, groupId=banco-group] Bootstrap broker localhost:9092 (id: -1 rack: null) disconnected
2026-05-19T00:49:18.986-06:00  INFO 18504 --- [           main] .s.d.r.c.RepositoryConfigurationDelegate : Bootstrapping Spring Data JPA repositories in DEFAULT mode.
2026-05-19T00:49:19.006-06:00  INFO 18504 --- [           main] .s.d.r.c.RepositoryConfigurationDelegate : Finished Spring Data repository scanning in 20 ms. Found 3 JPA repository interfaces.
2026-05-19T00:49:19.235-06:00  INFO 18504 --- [           main] o.hibernate.jpa.internal.util.LogHelper  : HHH000204: Processing PersistenceUnitInfo [name: default]
2026-05-19T00:49:19.243-06:00  INFO 18504 --- [           main] o.h.c.internal.RegionFactoryInitiator    : HHH000026: Second-level cache disabled
2026-05-19T00:49:19.267-06:00  INFO 18504 --- [           main] o.s.o.j.p.SpringPersistenceUnitInfo      : No LoadTimeWeaver setup: ignoring JPA class transformer
2026-05-19T00:49:19.274-06:00  INFO 18504 --- [           main] com.zaxxer.hikari.HikariDataSource       : HikariPool-3 - Starting...
2026-05-19T00:49:19.277-06:00  INFO 18504 --- [           main] com.zaxxer.hikari.pool.HikariPool        : HikariPool-3 - Added connection conn20: url=jdbc:h2:mem:testdb user=SA
2026-05-19T00:49:19.277-06:00  INFO 18504 --- [           main] com.zaxxer.hikari.HikariDataSource       : HikariPool-3 - Start completed.
2026-05-19T00:49:19.278-06:00  WARN 18504 --- [           main] org.hibernate.orm.deprecation            : HHH90000025: H2Dialect does not need to be specified explicitly using 'hibernate.dialect' (remove the property setting and it will be selected by default)
2026-05-19T00:49:19.573-06:00  WARN 18504 --- [ntainer#0-0-C-1] org.apache.kafka.clients.NetworkClient   : [Consumer clientId=consumer-banco-group-1, groupId=banco-group] Connection to node -1 (localhost/127.0.0.1:9092) could not be established. Broker may not be available.
2026-05-19T00:49:19.574-06:00  WARN 18504 --- [ntainer#0-0-C-1] org.apache.kafka.clients.NetworkClient   : [Consumer clientId=consumer-banco-group-1, groupId=banco-group] Bootstrap broker localhost:9092 (id: -1 rack: null) disconnected
2026-05-19T00:49:19.590-06:00  INFO 18504 --- [           main] o.h.e.t.j.p.i.JtaPlatformInitiator       : HHH000489: No JTA platform available (set 'hibernate.transaction.jta.platform' to enable JTA platform integration)
2026-05-19T00:49:19.608-06:00  INFO 18504 --- [           main] j.LocalContainerEntityManagerFactoryBean : Initialized JPA EntityManagerFactory for persistence unit 'default'
2026-05-19T00:49:20.406-06:00  WARN 18504 --- [           main] JpaBaseConfiguration$JpaWebConfiguration : spring.jpa.open-in-view is enabled by default. Therefore, database queries may be performed during view rendering. Explicitly configure spring.jpa.open-in-view to disable this warning
2026-05-19T00:49:20.543-06:00  INFO 18504 --- [           main] o.s.b.a.w.s.WelcomePageHandlerMapping    : Adding welcome page: class path resource [static/index.html]
2026-05-19T00:49:20.717-06:00  WARN 18504 --- [ntainer#0-0-C-1] org.apache.kafka.clients.NetworkClient   : [Consumer clientId=consumer-banco-group-1, groupId=banco-group] Connection to node -1 (localhost/127.0.0.1:9092) could not be established. Broker may not be available.
2026-05-19T00:49:20.717-06:00  WARN 18504 --- [ntainer#0-0-C-1] org.apache.kafka.clients.NetworkClient   : [Consumer clientId=consumer-banco-group-1, groupId=banco-group] Bootstrap broker localhost:9092 (id: -1 rack: null) disconnected
2026-05-19T00:49:20.871-06:00  INFO 18504 --- [           main] o.s.b.a.e.web.EndpointLinksResolver      : Exposing 1 endpoint(s) beneath base path '/actuator'
2026-05-19T00:49:20.893-06:00  INFO 18504 --- [           main] o.s.s.web.DefaultSecurityFilterChain     : Will secure any request with [org.springframework.security.web.session.DisableEncodeUrlFilter@2cdbe28, org.springframework.security.web.context.request.async.WebAsyncManagerIntegrationFilter@61303259, org.springframework.security.web.context.SecurityContextHolderFilter@705a2022, org.springframework.security.web.header.HeaderWriterFilter@d325e75, org.springframework.web.filter.CorsFilter@11518582, org.springframework.security.web.authentication.logout.LogoutFilter@17993651, org.springframework.security.web.savedrequest.RequestCacheAwareFilter@1765ca4d, org.springframework.security.web.servletapi.SecurityContextHolderAwareRequestFilter@570cf9d5, org.springframework.security.web.authentication.AnonymousAuthenticationFilter@7a2fd9de, org.springframework.security.web.session.SessionManagementFilter@7f7da6ab, org.springframework.security.web.access.ExceptionTranslationFilter@8a99989, org.springframework.security.web.access.intercept.AuthorizationFilter@190f522a]
2026-05-19T00:49:21.787-06:00  WARN 18504 --- [ntainer#0-0-C-1] org.apache.kafka.clients.NetworkClient   : [Consumer clientId=consumer-banco-group-1, groupId=banco-group] Connection to node -1 (localhost/127.0.0.1:9092) could not be established. Broker may not be available.
2026-05-19T00:49:21.787-06:00  WARN 18504 --- [ntainer#0-0-C-1] org.apache.kafka.clients.NetworkClient   : [Consumer clientId=consumer-banco-group-1, groupId=banco-group] Bootstrap broker localhost:9092 (id: -1 rack: null) disconnected
2026-05-19T00:49:21.830-06:00  INFO 18504 --- [           main] fkaConsumerFactory$ExtendedKafkaConsumer : [Consumer clientId=consumer-banco-group-3, groupId=banco-group] Subscribed to topic(s): transacciones
2026-05-19T00:49:21.865-06:00  INFO 18504 --- [quest-handler-1] k.coordinator.group.GroupCoordinator     : [GroupCoordinator 0]: Dynamic member with unknown member id joins group banco-group in Stable state. Created a new member id consumer-banco-group-3-2f887c46-aa38-4763-8e1f-ad0e15d6951e and request the member to rejoin with this id.
2026-05-19T00:49:21.871-06:00  INFO 18504 --- [quest-handler-3] k.coordinator.group.GroupCoordinator     : [GroupCoordinator 0]: Preparing to rebalance group banco-group in state PreparingRebalance with old generation 1 (__consumer_offsets-11) (reason: Adding new member consumer-banco-group-3-2f887c46-aa38-4763-8e1f-ad0e15d6951e with group instance id None; client reason: rebalance failed due to MemberIdRequiredException)
2026-05-19T00:49:21.905-06:00  INFO 18504 --- [           main] c.b.c.s.ProcesadorTransaccionesServiceIT : Started ProcesadorTransaccionesServiceIT in 3.62 seconds (process running for 41.542)
]]></system-out>
  </testcase>
</testsuite>