<?xml version="1.0" encoding="UTF-8"?>
<testsuite xmlns:xsi="http://www.w3.org/2001/XMLSchema-instance" xsi:noNamespaceSchemaLocation="https://maven.apache.org/surefire/maven-failsafe-plugin/xsd/failsafe-test-report-3.0.xsd" version="3.0" name="com.banco.core.kafka.TransaccionKafkaIntegrationIT" time="8.405" tests="1" errors="0" skipped="0" failures="0">
  <properties>
[...]
</properties>
  <testcase name="enviarYRecibir" classname="com.banco.core.kafka.TransaccionKafkaIntegrationIT" time="1.755">
    <system-out><![CDATA[2026-05-19T00:49:09.213-06:00  INFO 18504 --- [           main] t.c.s.AnnotationConfigContextLoaderUtils : Could not detect default configuration classes for test class [com.banco.core.kafka.TransaccionKafkaIntegrationIT]: TransaccionKafkaIntegrationIT does not declare any static, non-private, non-final, nested classes annotated with @Configuration.
2026-05-19T00:49:09.236-06:00  INFO 18504 --- [           main] .b.t.c.SpringBootTestContextBootstrapper : Found @SpringBootConfiguration com.banco.core.BancoCoreApplication for test class com.banco.core.kafka.TransaccionKafkaIntegrationIT

  .   ____          _            __ _ _
 /\\ / ___'_ __ _ _(_)_ __  __ _ \ \ \ \
( ( )\___ | '_ | '_| | '_ \/ _` | \ \ \ \
 \\/  ___)| |_)| | | | | || (_| |  ) ) ) )
  '  |____| .__|_| |_|_| |_\__, | / / / /
 =========|_|==============|___/=/_/_/_/
 :: Spring Boot ::                (v3.2.3)

2026-05-19T00:49:09.611-06:00  INFO 18504 --- [           main] k.utils.Log4jControllerRegistration$     : Registered kafka:type=kafka.Log4jController MBean
2026-05-19T00:49:09.655-06:00  INFO 18504 --- [           main] org.apache.zookeeper.common.X509Util     : Setting -D jdk.tls.rejectClientInitiatedRenegotiation=true to disable client-initiated TLS renegotiation
2026-05-19T00:49:09.971-06:00  INFO 18504 --- [-kit-executor-1] kafka.server.ControllerServer            : Formatting C:\Users\nelso\AppData\Local\Temp\kafka-12394822379088219621\controller_0 with metadata.version 3.3-IV0.
2026-05-19T00:49:09.978-06:00  INFO 18504 --- [-kit-executor-2] kafka.server.ControllerServer            : [ControllerServer id=0] Starting controller
2026-05-19T00:49:09.978-06:00  INFO 18504 --- [-kit-executor-3] kafka.server.BrokerServer                : [BrokerServer id=0] Transition from SHUTDOWN to STARTING
2026-05-19T00:49:09.980-06:00  INFO 18504 --- [-kit-executor-3] kafka.server.SharedServer                : [SharedServer id=0] Starting SharedServer
2026-05-19T00:49:10.245-06:00  WARN 18504 --- [ntainer#0-0-C-1] org.apache.kafka.clients.NetworkClient   : [Consumer clientId=consumer-banco-group-1, groupId=banco-group] Connection to node -1 (localhost/127.0.0.1:9092) could not be established. Broker may not be available.
2026-05-19T00:49:10.247-06:00  WARN 18504 --- [ntainer#0-0-C-1] org.apache.kafka.clients.NetworkClient   : [Consumer clientId=consumer-banco-group-1, groupId=banco-group] Bootstrap broker localhost:9092 (id: -1 rack: null) disconnected
2026-05-19T00:49:10.328-06:00  INFO 18504 --- [-kit-executor-3] kafka.log.UnifiedLog$                    : [LogLoader partition=__cluster_metadata-0, dir=C:\Users\nelso\AppData\Local\Temp\kafka-12394822379088219621\controller_0] Loading producer state till offset 0 with message format version 2
2026-05-19T00:49:10.330-06:00  INFO 18504 --- [-kit-executor-3] kafka.log.UnifiedLog$                    : [LogLoader partition=__cluster_metadata-0, dir=C:\Users\nelso\AppData\Local\Temp\kafka-12394822379088219621\controller_0] Reloading from producer snapshot and rebuilding producer state from offset 0
2026-05-19T00:49:10.332-06:00  INFO 18504 --- [-kit-executor-3] kafka.log.UnifiedLog$                    : [LogLoader partition=__cluster_metadata-0, dir=C:\Users\nelso\AppData\Local\Temp\kafka-12394822379088219621\controller_0] Producer state recovery took 0ms for snapshot load and 0ms for segment recovery from offset 0
2026-05-19T00:49:10.480-06:00  INFO 18504 --- [-kit-executor-3] kafka.raft.KafkaMetadataLog$             : Initialized snapshots with IDs SortedSet() from C:\Users\nelso\AppData\Local\Temp\kafka-12394822379088219621\controller_0\__cluster_metadata-0
2026-05-19T00:49:10.542-06:00  INFO 18504 --- [piration-reaper] ExpirationService$ExpiredOperationReaper : [raft-expiration-reaper]: Starting
2026-05-19T00:49:10.672-06:00  INFO 18504 --- [-kit-executor-2] kafka.network.ConnectionQuotas           : Updated connection-accept-rate max connection creation rate to 2147483647
2026-05-19T00:49:10.690-06:00  INFO 18504 --- [-kit-executor-2] kafka.network.DataPlaneAcceptor          : Awaiting socket connections on localhost:52939.
2026-05-19T00:49:10.696-06:00  INFO 18504 --- [-kit-executor-2] kafka.network.DataPlaneAcceptor          : Opened wildcard endpoint localhost:52939
2026-05-19T00:49:10.799-06:00  INFO 18504 --- [-kit-executor-2] kafka.network.SocketServer               : [SocketServer listenerType=CONTROLLER, nodeId=0] Created data-plane acceptor and processors for endpoint : ListenerName(CONTROLLER)
2026-05-19T00:49:10.819-06:00  INFO 18504 --- [-request-thread] kafka.raft.RaftSendThread                : [kafka-0-raft-outbound-request-thread]: Starting
2026-05-19T00:49:10.820-06:00  INFO 18504 --- [-raft-io-thread] k.raft.KafkaRaftManager$RaftIoThread     : [kafka-0-raft-io-thread]: Starting
2026-05-19T00:49:10.925-06:00  INFO 18504 --- [-kit-executor-3] kafka.server.BrokerServer                : [BrokerServer id=0] Starting broker
2026-05-19T00:49:10.927-06:00  INFO 18504 --- [-kit-executor-2] kafka.server.ControllerServer            : [ControllerServer id=0] Waiting for controller quorum voters future
2026-05-19T00:49:10.927-06:00  INFO 18504 --- [-kit-executor-2] kafka.server.ControllerServer            : [ControllerServer id=0] Finished waiting for controller quorum voters future
2026-05-19T00:49:11.022-06:00  INFO 18504 --- [nelReaper-Fetch] lientQuotaManager$ThrottledChannelReaper : [broker-0-ThrottledChannelReaper-Fetch]: Starting
2026-05-19T00:49:11.024-06:00  INFO 18504 --- [lReaper-Produce] lientQuotaManager$ThrottledChannelReaper : [broker-0-ThrottledChannelReaper-Produce]: Starting
2026-05-19T00:49:11.037-06:00  INFO 18504 --- [lReaper-Request] lientQuotaManager$ThrottledChannelReaper : [broker-0-ThrottledChannelReaper-Request]: Starting
2026-05-19T00:49:11.063-06:00  INFO 18504 --- [trollerMutation] lientQuotaManager$ThrottledChannelReaper : [broker-0-ThrottledChannelReaper-ControllerMutation]: Starting
2026-05-19T00:49:11.145-06:00  INFO 18504 --- [-kit-executor-3] kafka.log.LogManager                     : Log directory C:\Users\nelso\AppData\Local\Temp\kafka-12394822379088219621\broker_0_data0 not found, creating it.
2026-05-19T00:49:11.147-06:00  WARN 18504 --- [ntainer#0-0-C-1] org.apache.kafka.clients.NetworkClient   : [Consumer clientId=consumer-banco-group-1, groupId=banco-group] Connection to node -1 (localhost/127.0.0.1:9092) could not be established. Broker may not be available.
2026-05-19T00:49:11.147-06:00  WARN 18504 --- [ntainer#0-0-C-1] org.apache.kafka.clients.NetworkClient   : [Consumer clientId=consumer-banco-group-1, groupId=banco-group] Bootstrap broker localhost:9092 (id: -1 rack: null) disconnected
2026-05-19T00:49:11.170-06:00  INFO 18504 --- [lReaper-Produce] lientQuotaManager$ThrottledChannelReaper : [controller-0-ThrottledChannelReaper-Produce]: Starting
2026-05-19T00:49:11.170-06:00  INFO 18504 --- [trollerMutation] lientQuotaManager$ThrottledChannelReaper : [controller-0-ThrottledChannelReaper-ControllerMutation]: Starting
2026-05-19T00:49:11.171-06:00  INFO 18504 --- [nelReaper-Fetch] lientQuotaManager$ThrottledChannelReaper : [controller-0-ThrottledChannelReaper-Fetch]: Starting
2026-05-19T00:49:11.171-06:00  INFO 18504 --- [lReaper-Request] lientQuotaManager$ThrottledChannelReaper : [controller-0-ThrottledChannelReaper-Request]: Starting
2026-05-19T00:49:11.176-06:00  INFO 18504 --- [-kit-executor-3] kafka.server.BrokerServer                : [BrokerServer id=0] Waiting for controller quorum voters future
2026-05-19T00:49:11.176-06:00  INFO 18504 --- [-kit-executor-3] kafka.server.BrokerServer                : [BrokerServer id=0] Finished waiting for controller quorum voters future
2026-05-19T00:49:11.208-06:00  WARN 18504 --- [0-event-handler] o.a.kafka.controller.QuorumController    : [QuorumController id=0] Performing controller activation. The metadata log appears to be empty. Appending 1 bootstrap record(s) in metadata transaction at metadata.version 3.6-IV2 from bootstrap source 'testkit'. Setting the ZK migration state to NONE since this is a de-novo KRaft cluster.
2026-05-19T00:49:11.219-06:00  INFO 18504 --- [channel-manager] k.s.BrokerToControllerRequestThread      : [broker-0-to-controller-forwarding-channel-manager]: Starting
2026-05-19T00:49:11.222-06:00  INFO 18504 --- [channel-manager] k.s.BrokerToControllerRequestThread      : [broker-0-to-controller-forwarding-channel-manager]: Recorded new controller, from now on will use node localhost:52939 (id: 0 rack: null)
2026-05-19T00:49:11.257-06:00  INFO 18504 --- [per-0-AlterAcls] perationPurgatory$ExpiredOperationReaper : [ExpirationReaper-0-AlterAcls]: Starting
2026-05-19T00:49:11.346-06:00  INFO 18504 --- [-kit-executor-2] kafka.server.ControllerServer            : [ControllerServer id=0] Waiting for the controller metadata publishers to be installed
2026-05-19T00:49:11.352-06:00  INFO 18504 --- [-kit-executor-2] kafka.server.ControllerServer            : [ControllerServer id=0] Finished waiting for the controller metadata publishers to be installed
2026-05-19T00:49:11.354-06:00  INFO 18504 --- [-kit-executor-2] kafka.network.SocketServer               : [SocketServer listenerType=CONTROLLER, nodeId=0] Enabling request processing.
2026-05-19T00:49:11.385-06:00  INFO 18504 --- [-kit-executor-2] kafka.server.ControllerServer            : [ControllerServer id=0] Waiting for all of the authorizer futures to be completed
2026-05-19T00:49:11.385-06:00  INFO 18504 --- [-kit-executor-2] kafka.server.ControllerServer            : [ControllerServer id=0] Finished waiting for all of the authorizer futures to be completed
2026-05-19T00:49:11.385-06:00  INFO 18504 --- [-kit-executor-2] kafka.server.ControllerServer            : [ControllerServer id=0] Waiting for all of the SocketServer Acceptors to be started
2026-05-19T00:49:11.385-06:00  INFO 18504 --- [-kit-executor-2] kafka.server.ControllerServer            : [ControllerServer id=0] Finished waiting for all of the SocketServer Acceptors to be started
2026-05-19T00:49:11.420-06:00  INFO 18504 --- [-kit-executor-3] kafka.network.ConnectionQuotas           : Updated connection-accept-rate max connection creation rate to 2147483647
2026-05-19T00:49:11.431-06:00  INFO 18504 --- [-kit-executor-3] kafka.network.DataPlaneAcceptor          : Awaiting socket connections on localhost:52941.
2026-05-19T00:49:11.431-06:00  INFO 18504 --- [-kit-executor-3] kafka.network.DataPlaneAcceptor          : Opened wildcard endpoint localhost:52941
2026-05-19T00:49:11.484-06:00  INFO 18504 --- [-kit-executor-3] kafka.network.SocketServer               : [SocketServer listenerType=BROKER, nodeId=0] Created data-plane acceptor and processors for endpoint : ListenerName(EXTERNAL)
2026-05-19T00:49:11.506-06:00  INFO 18504 --- [channel-manager] k.s.BrokerToControllerRequestThread      : [broker-0-to-controller-alter-partition-channel-manager]: Starting
2026-05-19T00:49:11.506-06:00  INFO 18504 --- [channel-manager] k.s.BrokerToControllerRequestThread      : [broker-0-to-controller-alter-partition-channel-manager]: Recorded new controller, from now on will use node localhost:52939 (id: 0 rack: null)
2026-05-19T00:49:11.554-06:00  INFO 18504 --- [eaper-0-Produce] perationPurgatory$ExpiredOperationReaper : [ExpirationReaper-0-Produce]: Starting
2026-05-19T00:49:11.555-06:00  INFO 18504 --- [nReaper-0-Fetch] perationPurgatory$ExpiredOperationReaper : [ExpirationReaper-0-Fetch]: Starting
2026-05-19T00:49:11.555-06:00  INFO 18504 --- [0-DeleteRecords] perationPurgatory$ExpiredOperationReaper : [ExpirationReaper-0-DeleteRecords]: Starting
2026-05-19T00:49:11.555-06:00  INFO 18504 --- [r-0-ElectLeader] perationPurgatory$ExpiredOperationReaper : [ExpirationReaper-0-ElectLeader]: Starting
2026-05-19T00:49:11.561-06:00  INFO 18504 --- [r-0-RemoteFetch] perationPurgatory$ExpiredOperationReaper : [ExpirationReaper-0-RemoteFetch]: Starting
2026-05-19T00:49:11.633-06:00  INFO 18504 --- [per-0-Heartbeat] perationPurgatory$ExpiredOperationReaper : [ExpirationReaper-0-Heartbeat]: Starting
2026-05-19T00:49:11.633-06:00  INFO 18504 --- [per-0-Rebalance] perationPurgatory$ExpiredOperationReaper : [ExpirationReaper-0-Rebalance]: Starting
2026-05-19T00:49:11.746-06:00  INFO 18504 --- [channel-manager] k.s.BrokerToControllerRequestThread      : [broker-0-to-controller-heartbeat-channel-manager]: Starting
2026-05-19T00:49:11.746-06:00  INFO 18504 --- [channel-manager] k.s.BrokerToControllerRequestThread      : [broker-0-to-controller-heartbeat-channel-manager]: Recorded new controller, from now on will use node localhost:52939 (id: 0 rack: null)
2026-05-19T00:49:11.746-06:00  INFO 18504 --- [r-event-handler] kafka.server.BrokerLifecycleManager      : [BrokerLifecycleManager id=0] Incarnation d7ly3GuKRvm7P-Vkl0ME9A of broker 0 in cluster rIwjbdSoSE2uROvLxx1fSQ is now STARTING.
2026-05-19T00:49:11.795-06:00  INFO 18504 --- [per-0-AlterAcls] perationPurgatory$ExpiredOperationReaper : [ExpirationReaper-0-AlterAcls]: Starting
2026-05-19T00:49:11.829-06:00  INFO 18504 --- [-kit-executor-3] kafka.server.BrokerServer                : [BrokerServer id=0] Waiting for the broker metadata publishers to be installed
2026-05-19T00:49:11.829-06:00  INFO 18504 --- [-kit-executor-3] kafka.server.BrokerServer                : [BrokerServer id=0] Finished waiting for the broker metadata publishers to be installed
2026-05-19T00:49:11.829-06:00  INFO 18504 --- [-kit-executor-3] kafka.server.BrokerServer                : [BrokerServer id=0] Waiting for the controller to acknowledge that we are caught up
2026-05-19T00:49:11.845-06:00  INFO 18504 --- [r-event-handler] k.s.metadata.BrokerMetadataPublisher     : [BrokerMetadataPublisher id=0] Publishing initial metadata at offset OffsetAndEpoch(offset=5, epoch=1) with metadata.version 3.6-IV2.
2026-05-19T00:49:11.848-06:00  INFO 18504 --- [r-event-handler] kafka.log.LogManager                     : Loading logs from log dirs ArraySeq(C:\Users\nelso\AppData\Local\Temp\kafka-12394822379088219621\broker_0_data0)
2026-05-19T00:49:11.859-06:00  INFO 18504 --- [r-event-handler] kafka.log.LogManager                     : No logs found to be loaded in C:\Users\nelso\AppData\Local\Temp\kafka-12394822379088219621\broker_0_data0
2026-05-19T00:49:11.864-06:00  INFO 18504 --- [r-event-handler] kafka.log.LogManager                     : Loaded 0 logs in 23ms
2026-05-19T00:49:11.864-06:00  INFO 18504 --- [r-event-handler] kafka.log.LogManager                     : Starting log cleanup with a period of 300000 ms.
2026-05-19T00:49:11.864-06:00  INFO 18504 --- [r-event-handler] kafka.log.LogManager                     : Starting log flusher with a default period of 9223372036854775807 ms.
2026-05-19T00:49:11.912-06:00  INFO 18504 --- [r-event-handler] kafka.log.LogCleaner                     : Starting the log cleaner
2026-05-19T00:49:11.929-06:00  INFO 18504 --- [leaner-thread-0] kafka.log.LogCleaner$CleanerThread       : [kafka-log-cleaner-thread-0]: Starting
2026-05-19T00:49:11.935-06:00  INFO 18504 --- [channel-manager] kafka.server.BrokerLifecycleManager      : [BrokerLifecycleManager id=0] Successfully registered broker 0 with broker epoch 6
2026-05-19T00:49:11.935-06:00  INFO 18504 --- [rFailureHandler] k.s.ReplicaManager$LogDirFailureHandler  : [LogDirFailureHandler]: Starting
2026-05-19T00:49:11.935-06:00  INFO 18504 --- [nSenderThread-0] kafka.server.AddPartitionsToTxnManager   : [AddPartitionsToTxnSenderThread-0]: Starting
2026-05-19T00:49:11.948-06:00  INFO 18504 --- [r-event-handler] k.coordinator.group.GroupCoordinator     : [GroupCoordinator 0]: Starting up.
2026-05-19T00:49:11.964-06:00  INFO 18504 --- [r-event-handler] k.coordinator.group.GroupCoordinator     : [GroupCoordinator 0]: Startup complete.
2026-05-19T00:49:11.970-06:00  INFO 18504 --- [r-event-handler] k.c.transaction.TransactionCoordinator   : [TransactionCoordinator id=0] Starting up.
2026-05-19T00:49:11.973-06:00  INFO 18504 --- [rSenderThread-0] k.c.t.TransactionMarkerChannelManager    : [TxnMarkerSenderThread-0]: Starting
2026-05-19T00:49:11.973-06:00  INFO 18504 --- [r-event-handler] k.c.transaction.TransactionCoordinator   : [TransactionCoordinator id=0] Startup complete.
2026-05-19T00:49:11.979-06:00  INFO 18504 --- [r-event-handler] k.s.metadata.BrokerMetadataPublisher     : [BrokerMetadataPublisher id=0] Updating metadata.version to 14 at offset OffsetAndEpoch(offset=5, epoch=1).
2026-05-19T00:49:12.045-06:00  INFO 18504 --- [channel-manager] kafka.server.BrokerLifecycleManager      : [BrokerLifecycleManager id=0] The broker has caught up. Transitioning from STARTING to RECOVERY.
2026-05-19T00:49:12.045-06:00  INFO 18504 --- [-kit-executor-3] kafka.server.BrokerServer                : [BrokerServer id=0] Finished waiting for the controller to acknowledge that we are caught up
2026-05-19T00:49:12.045-06:00  INFO 18504 --- [-kit-executor-3] kafka.server.BrokerServer                : [BrokerServer id=0] Waiting for the initial broker metadata update to be published
2026-05-19T00:49:12.045-06:00  INFO 18504 --- [-kit-executor-3] kafka.server.BrokerServer                : [BrokerServer id=0] Finished waiting for the initial broker metadata update to be published
2026-05-19T00:49:12.045-06:00  INFO 18504 --- [-kit-executor-3] kafka.server.KafkaConfig                 : KafkaConfig values: 
	advertised.listeners = null
	alter.config.policy.class.name = null
	alter.log.dirs.replication.quota.window.num = 11
	alter.log.dirs.replication.quota.window.size.seconds = 1
	authorizer.class.name = 
	auto.create.topics.enable = true
	auto.include.jmx.reporter = true
	auto.leader.rebalance.enable = true
	background.threads = 10
	broker.heartbeat.interval.ms = 2000
	broker.id = 0
	broker.id.generation.enable = true
	broker.rack = null
	broker.session.timeout.ms = 9000
	client.quota.callback.class = null
	compression.type = producer
	connection.failed.authentication.delay.ms = 100
	connections.max.idle.ms = 600000
	connections.max.reauth.ms = 0
	control.plane.listener.name = null
	controlled.shutdown.enable = true
	controlled.shutdown.max.retries = 3
	controlled.shutdown.retry.backoff.ms = 5000
	controller.listener.names = CONTROLLER
	controller.quorum.append.linger.ms = 25
	controller.quorum.election.backoff.max.ms = 1000
	controller.quorum.election.timeout.ms = 1000
	controller.quorum.fetch.timeout.ms = 2000
	controller.quorum.request.timeout.ms = 2000
	controller.quorum.retry.backoff.ms = 20
	controller.quorum.voters = [0@0.0.0.0:0]
	controller.quota.window.num = 11
	controller.quota.window.size.seconds = 1
	controller.socket.timeout.ms = 30000
	create.topic.policy.class.name = null
	default.replication.factor = 1
	delegation.token.expiry.check.interval.ms = 3600000
	delegation.token.expiry.time.ms = 86400000
	delegation.token.master.key = null
	delegation.token.max.lifetime.ms = 604800000
	delegation.token.secret.key = null
	delete.records.purgatory.purge.interval.requests = 1
	delete.topic.enable = true
	early.start.listeners = null
	fetch.max.bytes = 57671680
	fetch.purgatory.purge.interval.requests = 1000
	group.consumer.assignors = [org.apache.kafka.coordinator.group.assignor.RangeAssignor]
	group.consumer.heartbeat.interval.ms = 5000
	group.consumer.max.heartbeat.interval.ms = 15000
	group.consumer.max.session.timeout.ms = 60000
	group.consumer.max.size = 2147483647
	group.consumer.min.heartbeat.interval.ms = 5000
	group.consumer.min.session.timeout.ms = 45000
	group.consumer.session.timeout.ms = 45000
	group.coordinator.new.enable = false
	group.coordinator.threads = 1
	group.initial.rebalance.delay.ms = 0
	group.max.session.timeout.ms = 1800000
	group.max.size = 2147483647
	group.min.session.timeout.ms = 6000
	initial.broker.registration.timeout.ms = 60000
	inter.broker.listener.name = EXTERNAL
	inter.broker.protocol.version = 3.6-IV2
	kafka.metrics.polling.interval.secs = 10
	kafka.metrics.reporters = []
	leader.imbalance.check.interval.seconds = 300
	leader.imbalance.per.broker.percentage = 10
	listener.security.protocol.map = EXTERNAL:PLAINTEXT,CONTROLLER:PLAINTEXT
	listeners = EXTERNAL://localhost:0,CONTROLLER://localhost:0
	log.cleaner.backoff.ms = 15000
	log.cleaner.dedupe.buffer.size = 2097152
	log.cleaner.delete.retention.ms = 86400000
	log.cleaner.enable = true
	log.cleaner.io.buffer.load.factor = 0.9
	log.cleaner.io.buffer.size = 524288
	log.cleaner.io.max.bytes.per.second = 1.7976931348623157E308
	log.cleaner.max.compaction.lag.ms = 9223372036854775807
	log.cleaner.min.cleanable.ratio = 0.5
	log.cleaner.min.compaction.lag.ms = 0
	log.cleaner.threads = 1
	log.cleanup.policy = [delete]
	log.dir = /tmp/kafka-logs
	log.dirs = C:\Users\nelso\AppData\Local\Temp\kafka-12394822379088219621\broker_0_data0
	log.flush.interval.messages = 9223372036854775807
	log.flush.interval.ms = null
	log.flush.offset.checkpoint.interval.ms = 60000
	log.flush.scheduler.interval.ms = 9223372036854775807
	log.flush.start.offset.checkpoint.interval.ms = 60000
	log.index.interval.bytes = 4096
	log.index.size.max.bytes = 10485760
	log.local.retention.bytes = -2
	log.local.retention.ms = -2
	log.message.downconversion.enable = true
	log.message.format.version = 3.0-IV1
	log.message.timestamp.after.max.ms = 9223372036854775807
	log.message.timestamp.before.max.ms = 9223372036854775807
	log.message.timestamp.difference.max.ms = 9223372036854775807
	log.message.timestamp.type = CreateTime
	log.preallocate = false
	log.retention.bytes = -1
	log.retention.check.interval.ms = 300000
	log.retention.hours = 168
	log.retention.minutes = null
	log.retention.ms = null
	log.roll.hours = 168
	log.roll.jitter.hours = 0
	log.roll.jitter.ms = null
	log.roll.ms = null
	log.segment.bytes = 1073741824
	log.segment.delete.delay.ms = 60000
	max.connection.creation.rate = 2147483647
	max.connections = 2147483647
	max.connections.per.ip = 2147483647
	max.connections.per.ip.overrides = 
	max.incremental.fetch.session.cache.slots = 1000
	message.max.bytes = 1048588
	metadata.log.dir = C:\Users\nelso\AppData\Local\Temp\kafka-12394822379088219621\controller_0
	metadata.log.max.record.bytes.between.snapshots = 20971520
	metadata.log.max.snapshot.interval.ms = 3600000
	metadata.log.segment.bytes = 1073741824
	metadata.log.segment.min.bytes = 8388608
	metadata.log.segment.ms = 604800000
	metadata.max.idle.interval.ms = 500
	metadata.max.retention.bytes = 104857600
	metadata.max.retention.ms = 604800000
	metric.reporters = []
	metrics.num.samples = 2
	metrics.recording.level = INFO
	metrics.sample.window.ms = 30000
	min.insync.replicas = 1
	node.id = 0
	num.io.threads = 8
	num.network.threads = 3
	num.partitions = 1
	num.recovery.threads.per.data.dir = 1
	num.replica.alter.log.dirs.threads = null
	num.replica.fetchers = 1
	offset.metadata.max.bytes = 4096
	offsets.commit.required.acks = -1
	offsets.commit.timeout.ms = 5000
	offsets.load.buffer.size = 5242880
	offsets.retention.check.interval.ms = 600000
	offsets.retention.minutes = 10080
	offsets.topic.compression.codec = 0
	offsets.topic.num.partitions = 50
	offsets.topic.replication.factor = 1
	offsets.topic.segment.bytes = 104857600
	password.encoder.cipher.algorithm = AES/CBC/PKCS5Padding
	password.encoder.iterations = 4096
	password.encoder.key.length = 128
	password.encoder.keyfactory.algorithm = null
	password.encoder.old.secret = null
	password.encoder.secret = null
	principal.builder.class = class org.apache.kafka.common.security.authenticator.DefaultKafkaPrincipalBuilder
	process.roles = [broker, controller]
	producer.id.expiration.check.interval.ms = 600000
	producer.id.expiration.ms = 86400000
	producer.purgatory.purge.interval.requests = 1000
	queued.max.request.bytes = -1
	queued.max.requests = 500
	quota.window.num = 11
	quota.window.size.seconds = 1
	remote.log.index.file.cache.total.size.bytes = 1073741824
	remote.log.manager.task.interval.ms = 30000
	remote.log.manager.task.retry.backoff.max.ms = 30000
	remote.log.manager.task.retry.backoff.ms = 500
	remote.log.manager.task.retry.jitter = 0.2
	remote.log.manager.thread.pool.size = 10
	remote.log.metadata.custom.metadata.max.bytes = 128
	remote.log.metadata.manager.class.name = org.apache.kafka.server.log.remote.metadata.storage.TopicBasedRemoteLogMetadataManager
	remote.log.metadata.manager.class.path = null
	remote.log.metadata.manager.impl.prefix = rlmm.config.
	remote.log.metadata.manager.listener.name = null
	remote.log.reader.max.pending.tasks = 100
	remote.log.reader.threads = 10
	remote.log.storage.manager.class.name = null
	remote.log.storage.manager.class.path = null
	remote.log.storage.manager.impl.prefix = rsm.config.
	remote.log.storage.system.enable = false
	replica.fetch.backoff.ms = 1000
	replica.fetch.max.bytes = 1048576
	replica.fetch.min.bytes = 1
	replica.fetch.response.max.bytes = 10485760
	replica.fetch.wait.max.ms = 500
	replica.high.watermark.checkpoint.interval.ms = 5000
	replica.lag.time.max.ms = 30000
	replica.selector.class = null
	replica.socket.receive.buffer.bytes = 65536
	replica.socket.timeout.ms = 30000
	replication.quota.window.num = 11
	replication.quota.window.size.seconds = 1
	request.timeout.ms = 30000
	reserved.broker.max.id = 1000
	sasl.client.callback.handler.class = null
	sasl.enabled.mechanisms = [GSSAPI]
	sasl.jaas.config = null
	sasl.kerberos.kinit.cmd = /usr/bin/kinit
	sasl.kerberos.min.time.before.relogin = 60000
	sasl.kerberos.principal.to.local.rules = [DEFAULT]
	sasl.kerberos.service.name = null
	sasl.kerberos.ticket.renew.jitter = 0.05
	sasl.kerberos.ticket.renew.window.factor = 0.8
	sasl.login.callback.handler.class = null
	sasl.login.class = null
	sasl.login.connect.timeout.ms = null
	sasl.login.read.timeout.ms = null
	sasl.login.refresh.buffer.seconds = 300
	sasl.login.refresh.min.period.seconds = 60
	sasl.login.refresh.window.factor = 0.8
	sasl.login.refresh.window.jitter = 0.05
	sasl.login.retry.backoff.max.ms = 10000
	sasl.login.retry.backoff.ms = 100
	sasl.mechanism.controller.protocol = GSSAPI
	sasl.mechanism.inter.broker.protocol = GSSAPI
	sasl.oauthbearer.clock.skew.seconds = 30
	sasl.oauthbearer.expected.audience = null
	sasl.oauthbearer.expected.issuer = null
	sasl.oauthbearer.jwks.endpoint.refresh.ms = 3600000
	sasl.oauthbearer.jwks.endpoint.retry.backoff.max.ms = 10000
	sasl.oauthbearer.jwks.endpoint.retry.backoff.ms = 100
	sasl.oauthbearer.jwks.endpoint.url = null
	sasl.oauthbearer.scope.claim.name = scope
	sasl.oauthbearer.sub.claim.name = sub
	sasl.oauthbearer.token.endpoint.url = null
	sasl.server.callback.handler.class = null
	sasl.server.max.receive.size = 524288
	security.inter.broker.protocol = PLAINTEXT
	security.providers = null
	server.max.startup.time.ms = 600000
	socket.connection.setup.timeout.max.ms = 30000
	socket.connection.setup.timeout.ms = 10000
	socket.listen.backlog.size = 50
	socket.receive.buffer.bytes = 102400
	socket.request.max.bytes = 104857600
	socket.send.buffer.bytes = 102400
	ssl.cipher.suites = []
	ssl.client.auth = none
	ssl.enabled.protocols = [TLSv1.2, TLSv1.3]
	ssl.endpoint.identification.algorithm = https
	ssl.engine.factory.class = null
	ssl.key.password = null
	ssl.keymanager.algorithm = SunX509
	ssl.keystore.certificate.chain = null
	ssl.keystore.key = null
	ssl.keystore.location = null
	ssl.keystore.password = null
	ssl.keystore.type = JKS
	ssl.principal.mapping.rules = DEFAULT
	ssl.protocol = TLSv1.3
	ssl.provider = null
	ssl.secure.random.implementation = null
	ssl.trustmanager.algorithm = PKIX
	ssl.truststore.certificates = null
	ssl.truststore.location = null
	ssl.truststore.password = null
	ssl.truststore.type = JKS
	transaction.abort.timed.out.transaction.cleanup.interval.ms = 10000
	transaction.max.timeout.ms = 900000
	transaction.partition.verification.enable = true
	transaction.remove.expired.transaction.cleanup.interval.ms = 3600000
	transaction.state.log.load.buffer.size = 5242880
	transaction.state.log.min.isr = 2
	transaction.state.log.num.partitions = 50
	transaction.state.log.replication.factor = 3
	transaction.state.log.segment.bytes = 104857600
	transactional.id.expiration.ms = 604800000
	unclean.leader.election.enable = false
	unstable.api.versions.enable = false
	zookeeper.clientCnxnSocket = null
	zookeeper.connect = null
	zookeeper.connection.timeout.ms = null
	zookeeper.max.in.flight.requests = 10
	zookeeper.metadata.migration.enable = false
	zookeeper.session.timeout.ms = 18000
	zookeeper.set.acl = false
	zookeeper.ssl.cipher.suites = null
	zookeeper.ssl.client.enable = false
	zookeeper.ssl.crl.enable = false
	zookeeper.ssl.enabled.protocols = null
	zookeeper.ssl.endpoint.identification.algorithm = HTTPS
	zookeeper.ssl.keystore.location = null
	zookeeper.ssl.keystore.password = null
	zookeeper.ssl.keystore.type = null
	zookeeper.ssl.ocsp.enable = false
	zookeeper.ssl.protocol = TLSv1.2
	zookeeper.ssl.truststore.location = null
	zookeeper.ssl.truststore.password = null
	zookeeper.ssl.truststore.type = null

2026-05-19T00:49:12.079-06:00  INFO 18504 --- [-kit-executor-3] kafka.server.BrokerServer                : [BrokerServer id=0] Waiting for the broker to be unfenced
2026-05-19T00:49:12.080-06:00  INFO 18504 --- [channel-manager] kafka.server.BrokerLifecycleManager      : [BrokerLifecycleManager id=0] The broker is in RECOVERY.
2026-05-19T00:49:12.149-06:00  INFO 18504 --- [channel-manager] kafka.server.BrokerLifecycleManager      : [BrokerLifecycleManager id=0] The broker has been unfenced. Transitioning from RECOVERY to RUNNING.
2026-05-19T00:49:12.149-06:00  INFO 18504 --- [-kit-executor-3] kafka.server.BrokerServer                : [BrokerServer id=0] Finished waiting for the broker to be unfenced
2026-05-19T00:49:12.149-06:00  INFO 18504 --- [-kit-executor-3] kafka.network.SocketServer               : [SocketServer listenerType=BROKER, nodeId=0] Enabling request processing.
2026-05-19T00:49:12.151-06:00  INFO 18504 --- [-kit-executor-3] kafka.server.BrokerServer                : [BrokerServer id=0] Waiting for all of the authorizer futures to be completed
2026-05-19T00:49:12.151-06:00  INFO 18504 --- [-kit-executor-3] kafka.server.BrokerServer                : [BrokerServer id=0] Finished waiting for all of the authorizer futures to be completed
2026-05-19T00:49:12.151-06:00  INFO 18504 --- [-kit-executor-3] kafka.server.BrokerServer                : [BrokerServer id=0] Waiting for all of the SocketServer Acceptors to be started
2026-05-19T00:49:12.151-06:00  INFO 18504 --- [-kit-executor-3] kafka.server.BrokerServer                : [BrokerServer id=0] Finished waiting for all of the SocketServer Acceptors to be started
2026-05-19T00:49:12.151-06:00  INFO 18504 --- [-kit-executor-3] kafka.server.BrokerServer                : [BrokerServer id=0] Transition from STARTING to STARTED
2026-05-19T00:49:12.166-06:00  WARN 18504 --- [ntainer#0-0-C-1] org.apache.kafka.clients.NetworkClient   : [Consumer clientId=consumer-banco-group-1, groupId=banco-group] Connection to node -1 (localhost/127.0.0.1:9092) could not be established. Broker may not be available.
2026-05-19T00:49:12.166-06:00  WARN 18504 --- [ntainer#0-0-C-1] org.apache.kafka.clients.NetworkClient   : [Consumer clientId=consumer-banco-group-1, groupId=banco-group] Bootstrap broker localhost:9092 (id: -1 rack: null) disconnected
2026-05-19T00:49:12.395-06:00  INFO 18504 --- [r-event-handler] state.change.logger                      : [Broker id=0] Transitioning 1 partition(s) to local leaders.
2026-05-19T00:49:12.395-06:00  INFO 18504 --- [r-event-handler] kafka.server.ReplicaFetcherManager       : [ReplicaFetcherManager on broker 0] Removed fetcher for partitions Set(transacciones-0)
2026-05-19T00:49:12.416-06:00  INFO 18504 --- [r-event-handler] state.change.logger                      : [Broker id=0] Creating new partition transacciones-0 with topic id H2Ofy6IERLuZX8JQbiirAA.
2026-05-19T00:49:12.426-06:00  INFO 18504 --- [           main] c.b.c.k.TransaccionKafkaIntegrationIT    : Starting TransaccionKafkaIntegrationIT using Java 21.0.11 with PID 18504 (started by nelso in D:\Data\ProgramacionAvanzadaJava\proyecto-final)
2026-05-19T00:49:12.428-06:00  INFO 18504 --- [           main] c.b.c.k.TransaccionKafkaIntegrationIT    : No active profile set, falling back to 1 default profile: "default"
2026-05-19T00:49:12.482-06:00  INFO 18504 --- [r-event-handler] kafka.log.UnifiedLog$                    : [LogLoader partition=transacciones-0, dir=C:\Users\nelso\AppData\Local\Temp\kafka-12394822379088219621\broker_0_data0] Loading producer state till offset 0 with message format version 2
2026-05-19T00:49:12.496-06:00  INFO 18504 --- [r-event-handler] kafka.log.LogManager                     : Created log for partition transacciones-0 in C:\Users\nelso\AppData\Local\Temp\kafka-12394822379088219621\broker_0_data0\transacciones-0 with properties {}
2026-05-19T00:49:12.500-06:00  INFO 18504 --- [r-event-handler] kafka.cluster.Partition                  : [Partition transacciones-0 broker=0] No checkpointed highwatermark is found for partition transacciones-0
2026-05-19T00:49:12.500-06:00  INFO 18504 --- [r-event-handler] kafka.cluster.Partition                  : [Partition transacciones-0 broker=0] Log loaded for partition transacciones-0 with initial high watermark 0
2026-05-19T00:49:12.529-06:00  INFO 18504 --- [r-event-handler] state.change.logger                      : [Broker id=0] Leader transacciones-0 with topic id Some(H2Ofy6IERLuZX8JQbiirAA) starts at leader epoch 0 from offset 0 with partition epoch 0, high watermark 0, ISR [0], adding replicas [] and removing replicas [] . Previous leader None and previous leader epoch was -1.
2026-05-19T00:49:13.289-06:00  WARN 18504 --- [ntainer#0-0-C-1] org.apache.kafka.clients.NetworkClient   : [Consumer clientId=consumer-banco-group-1, groupId=banco-group] Connection to node -1 (localhost/127.0.0.1:9092) could not be established. Broker may not be available.
2026-05-19T00:49:13.290-06:00  WARN 18504 --- [ntainer#0-0-C-1] org.apache.kafka.clients.NetworkClient   : [Consumer clientId=consumer-banco-group-1, groupId=banco-group] Bootstrap broker localhost:9092 (id: -1 rack: null) disconnected
2026-05-19T00:49:13.331-06:00  INFO 18504 --- [           main] .s.d.r.c.RepositoryConfigurationDelegate : Bootstrapping Spring Data JPA repositories in DEFAULT mode.
2026-05-19T00:49:13.390-06:00  INFO 18504 --- [           main] .s.d.r.c.RepositoryConfigurationDelegate : Finished Spring Data repository scanning in 57 ms. Found 3 JPA repository interfaces.
2026-05-19T00:49:13.804-06:00  INFO 18504 --- [           main] o.hibernate.jpa.internal.util.LogHelper  : HHH000204: Processing PersistenceUnitInfo [name: default]
2026-05-19T00:49:13.810-06:00  INFO 18504 --- [           main] o.h.c.internal.RegionFactoryInitiator    : HHH000026: Second-level cache disabled
2026-05-19T00:49:13.823-06:00  INFO 18504 --- [           main] o.s.o.j.p.SpringPersistenceUnitInfo      : No LoadTimeWeaver setup: ignoring JPA class transformer
2026-05-19T00:49:13.825-06:00  INFO 18504 --- [           main] com.zaxxer.hikari.HikariDataSource       : HikariPool-2 - Starting...
2026-05-19T00:49:13.827-06:00  INFO 18504 --- [           main] com.zaxxer.hikari.pool.HikariPool        : HikariPool-2 - Added connection conn10: url=jdbc:h2:mem:testdb user=SA
2026-05-19T00:49:13.827-06:00  INFO 18504 --- [           main] com.zaxxer.hikari.HikariDataSource       : HikariPool-2 - Start completed.
2026-05-19T00:49:13.829-06:00  WARN 18504 --- [           main] org.hibernate.orm.deprecation            : HHH90000025: H2Dialect does not need to be specified explicitly using 'hibernate.dialect' (remove the property setting and it will be selected by default)
2026-05-19T00:49:14.009-06:00  INFO 18504 --- [           main] o.h.e.t.j.p.i.JtaPlatformInitiator       : HHH000489: No JTA platform available (set 'hibernate.transaction.jta.platform' to enable JTA platform integration)
2026-05-19T00:49:14.025-06:00  INFO 18504 --- [           main] j.LocalContainerEntityManagerFactoryBean : Initialized JPA EntityManagerFactory for persistence unit 'default'
2026-05-19T00:49:14.355-06:00  WARN 18504 --- [ntainer#0-0-C-1] org.apache.kafka.clients.NetworkClient   : [Consumer clientId=consumer-banco-group-1, groupId=banco-group] Connection to node -1 (localhost/127.0.0.1:9092) could not be established. Broker may not be available.
2026-05-19T00:49:14.355-06:00  WARN 18504 --- [ntainer#0-0-C-1] org.apache.kafka.clients.NetworkClient   : [Consumer clientId=consumer-banco-group-1, groupId=banco-group] Bootstrap broker localhost:9092 (id: -1 rack: null) disconnected
2026-05-19T00:49:14.681-06:00  WARN 18504 --- [           main] JpaBaseConfiguration$JpaWebConfiguration : spring.jpa.open-in-view is enabled by default. Therefore, database queries may be performed during view rendering. Explicitly configure spring.jpa.open-in-view to disable this warning
2026-05-19T00:49:14.820-06:00  INFO 18504 --- [           main] o.s.b.a.w.s.WelcomePageHandlerMapping    : Adding welcome page: class path resource [static/index.html]
2026-05-19T00:49:15.151-06:00  INFO 18504 --- [           main] o.s.b.a.e.web.EndpointLinksResolver      : Exposing 1 endpoint(s) beneath base path '/actuator'
2026-05-19T00:49:15.163-06:00  INFO 18504 --- [           main] o.s.s.web.DefaultSecurityFilterChain     : Will secure any request with [org.springframework.security.web.session.DisableEncodeUrlFilter@7bd6393d, org.springframework.security.web.context.request.async.WebAsyncManagerIntegrationFilter@6b42829, org.springframework.security.web.context.SecurityContextHolderFilter@75adbfae, org.springframework.security.web.header.HeaderWriterFilter@661a5ac0, org.springframework.web.filter.CorsFilter@7c03a3f5, org.springframework.security.web.authentication.logout.LogoutFilter@77f4742b, org.springframework.security.web.savedrequest.RequestCacheAwareFilter@6aef91e6, org.springframework.security.web.servletapi.SecurityContextHolderAwareRequestFilter@12898e77, org.springframework.security.web.authentication.AnonymousAuthenticationFilter@19b6eefb, org.springframework.security.web.session.SessionManagementFilter@bd211, org.springframework.security.web.access.ExceptionTranslationFilter@68194ca4, org.springframework.security.web.access.intercept.AuthorizationFilter@10ca3611]
2026-05-19T00:49:15.584-06:00  WARN 18504 --- [ntainer#0-0-C-1] org.apache.kafka.clients.NetworkClient   : [Consumer clientId=consumer-banco-group-1, groupId=banco-group] Connection to node -1 (localhost/127.0.0.1:9092) could not be established. Broker may not be available.
2026-05-19T00:49:15.584-06:00  WARN 18504 --- [ntainer#0-0-C-1] org.apache.kafka.clients.NetworkClient   : [Consumer clientId=consumer-banco-group-1, groupId=banco-group] Bootstrap broker localhost:9092 (id: -1 rack: null) disconnected
2026-05-19T00:49:15.769-06:00  INFO 18504 --- [           main] fkaConsumerFactory$ExtendedKafkaConsumer : [Consumer clientId=consumer-banco-group-2, groupId=banco-group] Subscribed to topic(s): transacciones
2026-05-19T00:49:15.813-06:00  INFO 18504 --- [           main] c.b.c.k.TransaccionKafkaIntegrationIT    : Started TransaccionKafkaIntegrationIT in 6.561 seconds (process running for 35.45)
2026-05-19T00:49:15.843-06:00  INFO 18504 --- [quest-handler-5] k.s.DefaultAutoTopicCreationManager      : Sent auto-creation request for Set(__consumer_offsets) to the active controller.
2026-05-19T00:49:15.923-06:00  INFO 18504 --- [r-event-handler] state.change.logger                      : [Broker id=0] Transitioning 50 partition(s) to local leaders.
2026-05-19T00:49:15.924-06:00  INFO 18504 --- [r-event-handler] kafka.server.ReplicaFetcherManager       : [ReplicaFetcherManager on broker 0] Removed fetcher for partitions Set(__consumer_offsets-13, __consumer_offsets-46, __consumer_offsets-9, __consumer_offsets-42, __consumer_offsets-21, __consumer_offsets-17, __consumer_offsets-30, __consumer_offsets-26, __consumer_offsets-5, __consumer_offsets-38, __consumer_offsets-1, __consumer_offsets-34, __consumer_offsets-16, __consumer_offsets-45, __consumer_offsets-12, __consumer_offsets-41, __consumer_offsets-24, __consumer_offsets-20, __consumer_offsets-49, __consumer_offsets-0, __consumer_offsets-29, __consumer_offsets-25, __consumer_offsets-8, __consumer_offsets-37, __consumer_offsets-4, __consumer_offsets-33, __consumer_offsets-15, __consumer_offsets-48, __consumer_offsets-11, __consumer_offsets-44, __consumer_offsets-23, __consumer_offsets-19, __consumer_offsets-32, __consumer_offsets-28, __consumer_offsets-7, __consumer_offsets-40, __consumer_offsets-3, __consumer_offsets-36, __consumer_offsets-47, __consumer_offsets-14, __consumer_offsets-43, __consumer_offsets-10, __consumer_offsets-22, __consumer_offsets-18, __consumer_offsets-31, __consumer_offsets-27, __consumer_offsets-39, __consumer_offsets-6, __consumer_offsets-35, __consumer_offsets-2)
2026-05-19T00:49:15.924-06:00  INFO 18504 --- [r-event-handler] state.change.logger                      : [Broker id=0] Creating new partition __consumer_offsets-13 with topic id GXVyUiqfQBeeSYgvTTMmFg.
2026-05-19T00:49:15.951-06:00  INFO 18504 --- [r-event-handler] kafka.log.UnifiedLog$                    : [LogLoader partition=__consumer_offsets-13, dir=C:\Users\nelso\AppData\Local\Temp\kafka-12394822379088219621\broker_0_data0] Loading producer state till offset 0 with message format version 2
2026-05-19T00:49:15.953-06:00  INFO 18504 --- [r-event-handler] kafka.log.LogManager                     : Created log for partition __consumer_offsets-13 in C:\Users\nelso\AppData\Local\Temp\kafka-12394822379088219621\broker_0_data0\__consumer_offsets-13 with properties {cleanup.policy=compact, compression.type="producer", segment.bytes=104857600}
2026-05-19T00:49:15.955-06:00  INFO 18504 --- [r-event-handler] kafka.cluster.Partition                  : [Partition __consumer_offsets-13 broker=0] No checkpointed highwatermark is found for partition __consumer_offsets-13
2026-05-19T00:49:15.955-06:00  INFO 18504 --- [r-event-handler] kafka.cluster.Partition                  : [Partition __consumer_offsets-13 broker=0] Log loaded for partition __consumer_offsets-13 with initial high watermark 0
2026-05-19T00:49:15.955-06:00  INFO 18504 --- [r-event-handler] state.change.logger                      : [Broker id=0] Leader __consumer_offsets-13 with topic id Some(GXVyUiqfQBeeSYgvTTMmFg) starts at leader epoch 0 from offset 0 with partition epoch 0, high watermark 0, ISR [0], adding replicas [] and removing replicas [] . Previous leader None and previous leader epoch was -1.
2026-05-19T00:49:15.972-06:00  INFO 18504 --- [r-event-handler] state.change.logger                      : [Broker id=0] Creating new partition __consumer_offsets-46 with topic id GXVyUiqfQBeeSYgvTTMmFg.
2026-05-19T00:49:16.026-06:00  INFO 18504 --- [r-event-handler] kafka.log.UnifiedLog$                    : [LogLoader partition=__consumer_offsets-46, dir=C:\Users\nelso\AppData\Local\Temp\kafka-12394822379088219621\broker_0_data0] Loading producer state till offset 0 with message format version 2
2026-05-19T00:49:16.030-06:00  INFO 18504 --- [r-event-handler] kafka.log.LogManager                     : Created log for partition __consumer_offsets-46 in C:\Users\nelso\AppData\Local\Temp\kafka-12394822379088219621\broker_0_data0\__consumer_offsets-46 with properties {cleanup.policy=compact, compression.type="producer", segment.bytes=104857600}
2026-05-19T00:49:16.031-06:00  INFO 18504 --- [r-event-handler] kafka.cluster.Partition                  : [Partition __consumer_offsets-46 broker=0] No checkpointed highwatermark is found for partition __consumer_offsets-46
2026-05-19T00:49:16.031-06:00  INFO 18504 --- [r-event-handler] kafka.cluster.Partition                  : [Partition __consumer_offsets-46 broker=0] Log loaded for partition __consumer_offsets-46 with initial high watermark 0
2026-05-19T00:49:16.039-06:00  INFO 18504 --- [r-event-handler] state.change.logger                      : [Broker id=0] Leader __consumer_offsets-46 with topic id Some(GXVyUiqfQBeeSYgvTTMmFg) starts at leader epoch 0 from offset 0 with partition epoch 0, high watermark 0, ISR [0], adding replicas [] and removing replicas [] . Previous leader None and previous leader epoch was -1.
2026-05-19T00:49:16.045-06:00  INFO 18504 --- [r-event-handler] state.change.logger                      : [Broker id=0] Creating new partition __consumer_offsets-9 with topic id GXVyUiqfQBeeSYgvTTMmFg.
2026-05-19T00:49:16.090-06:00  INFO 18504 --- [r-event-handler] kafka.log.UnifiedLog$                    : [LogLoader partition=__consumer_offsets-9, dir=C:\Users\nelso\AppData\Local\Temp\kafka-12394822379088219621\broker_0_data0] Loading producer state till offset 0 with message format version 2
2026-05-19T00:49:16.092-06:00  INFO 18504 --- [r-event-handler] kafka.log.LogManager                     : Created log for partition __consumer_offsets-9 in C:\Users\nelso\AppData\Local\Temp\kafka-12394822379088219621\broker_0_data0\__consumer_offsets-9 with properties {cleanup.policy=compact, compression.type="producer", segment.bytes=104857600}
2026-05-19T00:49:16.093-06:00  INFO 18504 --- [r-event-handler] kafka.cluster.Partition                  : [Partition __consumer_offsets-9 broker=0] No checkpointed highwatermark is found for partition __consumer_offsets-9
2026-05-19T00:49:16.093-06:00  INFO 18504 --- [r-event-handler] kafka.cluster.Partition                  : [Partition __consumer_offsets-9 broker=0] Log loaded for partition __consumer_offsets-9 with initial high watermark 0
2026-05-19T00:49:16.093-06:00  INFO 18504 --- [r-event-handler] state.change.logger                      : [Broker id=0] Leader __consumer_offsets-9 with topic id Some(GXVyUiqfQBeeSYgvTTMmFg) starts at leader epoch 0 from offset 0 with partition epoch 0, high watermark 0, ISR [0], adding replicas [] and removing replicas [] . Previous leader None and previous leader epoch was -1.
2026-05-19T00:49:16.099-06:00  INFO 18504 --- [r-event-handler] state.change.logger                      : [Broker id=0] Creating new partition __consumer_offsets-42 with topic id GXVyUiqfQBeeSYgvTTMmFg.
2026-05-19T00:49:16.115-06:00  INFO 18504 --- [r-event-handler] kafka.log.UnifiedLog$                    : [LogLoader partition=__consumer_offsets-42, dir=C:\Users\nelso\AppData\Local\Temp\kafka-12394822379088219621\broker_0_data0] Loading producer state till offset 0 with message format version 2
2026-05-19T00:49:16.117-06:00  INFO 18504 --- [r-event-handler] kafka.log.LogManager                     : Created log for partition __consumer_offsets-42 in C:\Users\nelso\AppData\Local\Temp\kafka-12394822379088219621\broker_0_data0\__consumer_offsets-42 with properties {cleanup.policy=compact, compression.type="producer", segment.bytes=104857600}
2026-05-19T00:49:16.118-06:00  INFO 18504 --- [r-event-handler] kafka.cluster.Partition                  : [Partition __consumer_offsets-42 broker=0] No checkpointed highwatermark is found for partition __consumer_offsets-42
2026-05-19T00:49:16.118-06:00  INFO 18504 --- [r-event-handler] kafka.cluster.Partition                  : [Partition __consumer_offsets-42 broker=0] Log loaded for partition __consumer_offsets-42 with initial high watermark 0
2026-05-19T00:49:16.118-06:00  INFO 18504 --- [r-event-handler] state.change.logger                      : [Broker id=0] Leader __consumer_offsets-42 with topic id Some(GXVyUiqfQBeeSYgvTTMmFg) starts at leader epoch 0 from offset 0 with partition epoch 0, high watermark 0, ISR [0], adding replicas [] and removing replicas [] . Previous leader None and previous leader epoch was -1.
2026-05-19T00:49:16.123-06:00  INFO 18504 --- [r-event-handler] state.change.logger                      : [Broker id=0] Creating new partition __consumer_offsets-21 with topic id GXVyUiqfQBeeSYgvTTMmFg.
2026-05-19T00:49:16.137-06:00  INFO 18504 --- [r-event-handler] kafka.log.UnifiedLog$                    : [LogLoader partition=__consumer_offsets-21, dir=C:\Users\nelso\AppData\Local\Temp\kafka-12394822379088219621\broker_0_data0] Loading producer state till offset 0 with message format version 2
2026-05-19T00:49:16.139-06:00  INFO 18504 --- [r-event-handler] kafka.log.LogManager                     : Created log for partition __consumer_offsets-21 in C:\Users\nelso\AppData\Local\Temp\kafka-12394822379088219621\broker_0_data0\__consumer_offsets-21 with properties {cleanup.policy=compact, compression.type="producer", segment.bytes=104857600}
2026-05-19T00:49:16.139-06:00  INFO 18504 --- [r-event-handler] kafka.cluster.Partition                  : [Partition __consumer_offsets-21 broker=0] No checkpointed highwatermark is found for partition __consumer_offsets-21
2026-05-19T00:49:16.140-06:00  INFO 18504 --- [r-event-handler] kafka.cluster.Partition                  : [Partition __consumer_offsets-21 broker=0] Log loaded for partition __consumer_offsets-21 with initial high watermark 0
2026-05-19T00:49:16.140-06:00  INFO 18504 --- [r-event-handler] state.change.logger                      : [Broker id=0] Leader __consumer_offsets-21 with topic id Some(GXVyUiqfQBeeSYgvTTMmFg) starts at leader epoch 0 from offset 0 with partition epoch 0, high watermark 0, ISR [0], adding replicas [] and removing replicas [] . Previous leader None and previous leader epoch was -1.
2026-05-19T00:49:16.145-06:00  INFO 18504 --- [r-event-handler] state.change.logger                      : [Broker id=0] Creating new partition __consumer_offsets-17 with topic id GXVyUiqfQBeeSYgvTTMmFg.
2026-05-19T00:49:16.170-06:00  INFO 18504 --- [r-event-handler] kafka.log.UnifiedLog$                    : [LogLoader partition=__consumer_offsets-17, dir=C:\Users\nelso\AppData\Local\Temp\kafka-12394822379088219621\broker_0_data0] Loading producer state till offset 0 with message format version 2
2026-05-19T00:49:16.172-06:00  INFO 18504 --- [r-event-handler] kafka.log.LogManager                     : Created log for partition __consumer_offsets-17 in C:\Users\nelso\AppData\Local\Temp\kafka-12394822379088219621\broker_0_data0\__consumer_offsets-17 with properties {cleanup.policy=compact, compression.type="producer", segment.bytes=104857600}
2026-05-19T00:49:16.172-06:00  INFO 18504 --- [r-event-handler] kafka.cluster.Partition                  : [Partition __consumer_offsets-17 broker=0] No checkpointed highwatermark is found for partition __consumer_offsets-17
2026-05-19T00:49:16.172-06:00  INFO 18504 --- [r-event-handler] kafka.cluster.Partition                  : [Partition __consumer_offsets-17 broker=0] Log loaded for partition __consumer_offsets-17 with initial high watermark 0
2026-05-19T00:49:16.173-06:00  INFO 18504 --- [r-event-handler] state.change.logger                      : [Broker id=0] Leader __consumer_offsets-17 with topic id Some(GXVyUiqfQBeeSYgvTTMmFg) starts at leader epoch 0 from offset 0 with partition epoch 0, high watermark 0, ISR [0], adding replicas [] and removing replicas [] . Previous leader None and previous leader epoch was -1.
2026-05-19T00:49:16.177-06:00  INFO 18504 --- [r-event-handler] state.change.logger                      : [Broker id=0] Creating new partition __consumer_offsets-30 with topic id GXVyUiqfQBeeSYgvTTMmFg.
2026-05-19T00:49:16.190-06:00  INFO 18504 --- [r-event-handler] kafka.log.UnifiedLog$                    : [LogLoader partition=__consumer_offsets-30, dir=C:\Users\nelso\AppData\Local\Temp\kafka-12394822379088219621\broker_0_data0] Loading producer state till offset 0 with message format version 2
2026-05-19T00:49:16.192-06:00  INFO 18504 --- [r-event-handler] kafka.log.LogManager                     : Created log for partition __consumer_offsets-30 in C:\Users\nelso\AppData\Local\Temp\kafka-12394822379088219621\broker_0_data0\__consumer_offsets-30 with properties {cleanup.policy=compact, compression.type="producer", segment.bytes=104857600}
2026-05-19T00:49:16.193-06:00  INFO 18504 --- [r-event-handler] kafka.cluster.Partition                  : [Partition __consumer_offsets-30 broker=0] No checkpointed highwatermark is found for partition __consumer_offsets-30
2026-05-19T00:49:16.193-06:00  INFO 18504 --- [r-event-handler] kafka.cluster.Partition                  : [Partition __consumer_offsets-30 broker=0] Log loaded for partition __consumer_offsets-30 with initial high watermark 0
2026-05-19T00:49:16.193-06:00  INFO 18504 --- [r-event-handler] state.change.logger                      : [Broker id=0] Leader __consumer_offsets-30 with topic id Some(GXVyUiqfQBeeSYgvTTMmFg) starts at leader epoch 0 from offset 0 with partition epoch 0, high watermark 0, ISR [0], adding replicas [] and removing replicas [] . Previous leader None and previous leader epoch was -1.
2026-05-19T00:49:16.198-06:00  INFO 18504 --- [r-event-handler] state.change.logger                      : [Broker id=0] Creating new partition __consumer_offsets-26 with topic id GXVyUiqfQBeeSYgvTTMmFg.
2026-05-19T00:49:16.250-06:00  INFO 18504 --- [r-event-handler] kafka.log.UnifiedLog$                    : [LogLoader partition=__consumer_offsets-26, dir=C:\Users\nelso\AppData\Local\Temp\kafka-12394822379088219621\broker_0_data0] Loading producer state till offset 0 with message format version 2
2026-05-19T00:49:16.254-06:00  INFO 18504 --- [r-event-handler] kafka.log.LogManager                     : Created log for partition __consumer_offsets-26 in C:\Users\nelso\AppData\Local\Temp\kafka-12394822379088219621\broker_0_data0\__consumer_offsets-26 with properties {cleanup.policy=compact, compression.type="producer", segment.bytes=104857600}
2026-05-19T00:49:16.254-06:00  INFO 18504 --- [r-event-handler] kafka.cluster.Partition                  : [Partition __consumer_offsets-26 broker=0] No checkpointed highwatermark is found for partition __consumer_offsets-26
2026-05-19T00:49:16.254-06:00  INFO 18504 --- [r-event-handler] kafka.cluster.Partition                  : [Partition __consumer_offsets-26 broker=0] Log loaded for partition __consumer_offsets-26 with initial high watermark 0
2026-05-19T00:49:16.254-06:00  INFO 18504 --- [r-event-handler] state.change.logger                      : [Broker id=0] Leader __consumer_offsets-26 with topic id Some(GXVyUiqfQBeeSYgvTTMmFg) starts at leader epoch 0 from offset 0 with partition epoch 0, high watermark 0, ISR [0], adding replicas [] and removing replicas [] . Previous leader None and previous leader epoch was -1.
2026-05-19T00:49:16.259-06:00  INFO 18504 --- [r-event-handler] state.change.logger                      : [Broker id=0] Creating new partition __consumer_offsets-5 with topic id GXVyUiqfQBeeSYgvTTMmFg.
2026-05-19T00:49:16.287-06:00  INFO 18504 --- [r-event-handler] kafka.log.UnifiedLog$                    : [LogLoader partition=__consumer_offsets-5, dir=C:\Users\nelso\AppData\Local\Temp\kafka-12394822379088219621\broker_0_data0] Loading producer state till offset 0 with message format version 2
2026-05-19T00:49:16.289-06:00  INFO 18504 --- [r-event-handler] kafka.log.LogManager                     : Created log for partition __consumer_offsets-5 in C:\Users\nelso\AppData\Local\Temp\kafka-12394822379088219621\broker_0_data0\__consumer_offsets-5 with properties {cleanup.policy=compact, compression.type="producer", segment.bytes=104857600}
2026-05-19T00:49:16.289-06:00  INFO 18504 --- [r-event-handler] kafka.cluster.Partition                  : [Partition __consumer_offsets-5 broker=0] No checkpointed highwatermark is found for partition __consumer_offsets-5
2026-05-19T00:49:16.289-06:00  INFO 18504 --- [r-event-handler] kafka.cluster.Partition                  : [Partition __consumer_offsets-5 broker=0] Log loaded for partition __consumer_offsets-5 with initial high watermark 0
2026-05-19T00:49:16.289-06:00  INFO 18504 --- [r-event-handler] state.change.logger                      : [Broker id=0] Leader __consumer_offsets-5 with topic id Some(GXVyUiqfQBeeSYgvTTMmFg) starts at leader epoch 0 from offset 0 with partition epoch 0, high watermark 0, ISR [0], adding replicas [] and removing replicas [] . Previous leader None and previous leader epoch was -1.
2026-05-19T00:49:16.294-06:00  INFO 18504 --- [r-event-handler] state.change.logger                      : [Broker id=0] Creating new partition __consumer_offsets-38 with topic id GXVyUiqfQBeeSYgvTTMmFg.
2026-05-19T00:49:16.311-06:00  INFO 18504 --- [r-event-handler] kafka.log.UnifiedLog$                    : [LogLoader partition=__consumer_offsets-38, dir=C:\Users\nelso\AppData\Local\Temp\kafka-12394822379088219621\broker_0_data0] Loading producer state till offset 0 with message format version 2
2026-05-19T00:49:16.313-06:00  INFO 18504 --- [r-event-handler] kafka.log.LogManager                     : Created log for partition __consumer_offsets-38 in C:\Users\nelso\AppData\Local\Temp\kafka-12394822379088219621\broker_0_data0\__consumer_offsets-38 with properties {cleanup.policy=compact, compression.type="producer", segment.bytes=104857600}
2026-05-19T00:49:16.313-06:00  INFO 18504 --- [r-event-handler] kafka.cluster.Partition                  : [Partition __consumer_offsets-38 broker=0] No checkpointed highwatermark is found for partition __consumer_offsets-38
2026-05-19T00:49:16.314-06:00  INFO 18504 --- [r-event-handler] kafka.cluster.Partition                  : [Partition __consumer_offsets-38 broker=0] Log loaded for partition __consumer_offsets-38 with initial high watermark 0
2026-05-19T00:49:16.314-06:00  INFO 18504 --- [r-event-handler] state.change.logger                      : [Broker id=0] Leader __consumer_offsets-38 with topic id Some(GXVyUiqfQBeeSYgvTTMmFg) starts at leader epoch 0 from offset 0 with partition epoch 0, high watermark 0, ISR [0], adding replicas [] and removing replicas [] . Previous leader None and previous leader epoch was -1.
2026-05-19T00:49:16.319-06:00  INFO 18504 --- [r-event-handler] state.change.logger                      : [Broker id=0] Creating new partition __consumer_offsets-1 with topic id GXVyUiqfQBeeSYgvTTMmFg.
2026-05-19T00:49:16.335-06:00  INFO 18504 --- [r-event-handler] kafka.log.UnifiedLog$                    : [LogLoader partition=__consumer_offsets-1, dir=C:\Users\nelso\AppData\Local\Temp\kafka-12394822379088219621\broker_0_data0] Loading producer state till offset 0 with message format version 2
2026-05-19T00:49:16.337-06:00  INFO 18504 --- [r-event-handler] kafka.log.LogManager                     : Created log for partition __consumer_offsets-1 in C:\Users\nelso\AppData\Local\Temp\kafka-12394822379088219621\broker_0_data0\__consumer_offsets-1 with properties {cleanup.policy=compact, compression.type="producer", segment.bytes=104857600}
2026-05-19T00:49:16.338-06:00  INFO 18504 --- [r-event-handler] kafka.cluster.Partition                  : [Partition __consumer_offsets-1 broker=0] No checkpointed highwatermark is found for partition __consumer_offsets-1
2026-05-19T00:49:16.338-06:00  INFO 18504 --- [r-event-handler] kafka.cluster.Partition                  : [Partition __consumer_offsets-1 broker=0] Log loaded for partition __consumer_offsets-1 with initial high watermark 0
2026-05-19T00:49:16.338-06:00  INFO 18504 --- [r-event-handler] state.change.logger                      : [Broker id=0] Leader __consumer_offsets-1 with topic id Some(GXVyUiqfQBeeSYgvTTMmFg) starts at leader epoch 0 from offset 0 with partition epoch 0, high watermark 0, ISR [0], adding replicas [] and removing replicas [] . Previous leader None and previous leader epoch was -1.
2026-05-19T00:49:16.343-06:00  INFO 18504 --- [r-event-handler] state.change.logger                      : [Broker id=0] Creating new partition __consumer_offsets-34 with topic id GXVyUiqfQBeeSYgvTTMmFg.
2026-05-19T00:49:16.358-06:00  INFO 18504 --- [r-event-handler] kafka.log.UnifiedLog$                    : [LogLoader partition=__consumer_offsets-34, dir=C:\Users\nelso\AppData\Local\Temp\kafka-12394822379088219621\broker_0_data0] Loading producer state till offset 0 with message format version 2
2026-05-19T00:49:16.360-06:00  INFO 18504 --- [r-event-handler] kafka.log.LogManager                     : Created log for partition __consumer_offsets-34 in C:\Users\nelso\AppData\Local\Temp\kafka-12394822379088219621\broker_0_data0\__consumer_offsets-34 with properties {cleanup.policy=compact, compression.type="producer", segment.bytes=104857600}
2026-05-19T00:49:16.360-06:00  INFO 18504 --- [r-event-handler] kafka.cluster.Partition                  : [Partition __consumer_offsets-34 broker=0] No checkpointed highwatermark is found for partition __consumer_offsets-34
2026-05-19T00:49:16.361-06:00  INFO 18504 --- [r-event-handler] kafka.cluster.Partition                  : [Partition __consumer_offsets-34 broker=0] Log loaded for partition __consumer_offsets-34 with initial high watermark 0
2026-05-19T00:49:16.361-06:00  INFO 18504 --- [r-event-handler] state.change.logger                      : [Broker id=0] Leader __consumer_offsets-34 with topic id Some(GXVyUiqfQBeeSYgvTTMmFg) starts at leader epoch 0 from offset 0 with partition epoch 0, high watermark 0, ISR [0], adding replicas [] and removing replicas [] . Previous leader None and previous leader epoch was -1.
2026-05-19T00:49:16.366-06:00  INFO 18504 --- [r-event-handler] state.change.logger                      : [Broker id=0] Creating new partition __consumer_offsets-16 with topic id GXVyUiqfQBeeSYgvTTMmFg.
2026-05-19T00:49:16.381-06:00  INFO 18504 --- [r-event-handler] kafka.log.UnifiedLog$                    : [LogLoader partition=__consumer_offsets-16, dir=C:\Users\nelso\AppData\Local\Temp\kafka-12394822379088219621\broker_0_data0] Loading producer state till offset 0 with message format version 2
2026-05-19T00:49:16.382-06:00  INFO 18504 --- [r-event-handler] kafka.log.LogManager                     : Created log for partition __consumer_offsets-16 in C:\Users\nelso\AppData\Local\Temp\kafka-12394822379088219621\broker_0_data0\__consumer_offsets-16 with properties {cleanup.policy=compact, compression.type="producer", segment.bytes=104857600}
2026-05-19T00:49:16.383-06:00  INFO 18504 --- [r-event-handler] kafka.cluster.Partition                  : [Partition __consumer_offsets-16 broker=0] No checkpointed highwatermark is found for partition __consumer_offsets-16
2026-05-19T00:49:16.383-06:00  INFO 18504 --- [r-event-handler] kafka.cluster.Partition                  : [Partition __consumer_offsets-16 broker=0] Log loaded for partition __consumer_offsets-16 with initial high watermark 0
2026-05-19T00:49:16.384-06:00  INFO 18504 --- [r-event-handler] state.change.logger                      : [Broker id=0] Leader __consumer_offsets-16 with topic id Some(GXVyUiqfQBeeSYgvTTMmFg) starts at leader epoch 0 from offset 0 with partition epoch 0, high watermark 0, ISR [0], adding replicas [] and removing replicas [] . Previous leader None and previous leader epoch was -1.
2026-05-19T00:49:16.388-06:00  INFO 18504 --- [r-event-handler] state.change.logger                      : [Broker id=0] Creating new partition __consumer_offsets-45 with topic id GXVyUiqfQBeeSYgvTTMmFg.
2026-05-19T00:49:16.404-06:00  INFO 18504 --- [r-event-handler] kafka.log.UnifiedLog$                    : [LogLoader partition=__consumer_offsets-45, dir=C:\Users\nelso\AppData\Local\Temp\kafka-12394822379088219621\broker_0_data0] Loading producer state till offset 0 with message format version 2
2026-05-19T00:49:16.406-06:00  INFO 18504 --- [r-event-handler] kafka.log.LogManager                     : Created log for partition __consumer_offsets-45 in C:\Users\nelso\AppData\Local\Temp\kafka-12394822379088219621\broker_0_data0\__consumer_offsets-45 with properties {cleanup.policy=compact, compression.type="producer", segment.bytes=104857600}
2026-05-19T00:49:16.406-06:00  INFO 18504 --- [r-event-handler] kafka.cluster.Partition                  : [Partition __consumer_offsets-45 broker=0] No checkpointed highwatermark is found for partition __consumer_offsets-45
2026-05-19T00:49:16.406-06:00  INFO 18504 --- [r-event-handler] kafka.cluster.Partition                  : [Partition __consumer_offsets-45 broker=0] Log loaded for partition __consumer_offsets-45 with initial high watermark 0
2026-05-19T00:49:16.407-06:00  INFO 18504 --- [r-event-handler] state.change.logger                      : [Broker id=0] Leader __consumer_offsets-45 with topic id Some(GXVyUiqfQBeeSYgvTTMmFg) starts at leader epoch 0 from offset 0 with partition epoch 0, high watermark 0, ISR [0], adding replicas [] and removing replicas [] . Previous leader None and previous leader epoch was -1.
2026-05-19T00:49:16.411-06:00  INFO 18504 --- [r-event-handler] state.change.logger                      : [Broker id=0] Creating new partition __consumer_offsets-12 with topic id GXVyUiqfQBeeSYgvTTMmFg.
2026-05-19T00:49:16.427-06:00  INFO 18504 --- [r-event-handler] kafka.log.UnifiedLog$                    : [LogLoader partition=__consumer_offsets-12, dir=C:\Users\nelso\AppData\Local\Temp\kafka-12394822379088219621\broker_0_data0] Loading producer state till offset 0 with message format version 2
2026-05-19T00:49:16.430-06:00  INFO 18504 --- [r-event-handler] kafka.log.LogManager                     : Created log for partition __consumer_offsets-12 in C:\Users\nelso\AppData\Local\Temp\kafka-12394822379088219621\broker_0_data0\__consumer_offsets-12 with properties {cleanup.policy=compact, compression.type="producer", segment.bytes=104857600}
2026-05-19T00:49:16.430-06:00  INFO 18504 --- [r-event-handler] kafka.cluster.Partition                  : [Partition __consumer_offsets-12 broker=0] No checkpointed highwatermark is found for partition __consumer_offsets-12
2026-05-19T00:49:16.430-06:00  INFO 18504 --- [r-event-handler] kafka.cluster.Partition                  : [Partition __consumer_offsets-12 broker=0] Log loaded for partition __consumer_offsets-12 with initial high watermark 0
2026-05-19T00:49:16.431-06:00  INFO 18504 --- [r-event-handler] state.change.logger                      : [Broker id=0] Leader __consumer_offsets-12 with topic id Some(GXVyUiqfQBeeSYgvTTMmFg) starts at leader epoch 0 from offset 0 with partition epoch 0, high watermark 0, ISR [0], adding replicas [] and removing replicas [] . Previous leader None and previous leader epoch was -1.
2026-05-19T00:49:16.436-06:00  INFO 18504 --- [r-event-handler] state.change.logger                      : [Broker id=0] Creating new partition __consumer_offsets-41 with topic id GXVyUiqfQBeeSYgvTTMmFg.
2026-05-19T00:49:16.451-06:00  INFO 18504 --- [r-event-handler] kafka.log.UnifiedLog$                    : [LogLoader partition=__consumer_offsets-41, dir=C:\Users\nelso\AppData\Local\Temp\kafka-12394822379088219621\broker_0_data0] Loading producer state till offset 0 with message format version 2
2026-05-19T00:49:16.453-06:00  INFO 18504 --- [r-event-handler] kafka.log.LogManager                     : Created log for partition __consumer_offsets-41 in C:\Users\nelso\AppData\Local\Temp\kafka-12394822379088219621\broker_0_data0\__consumer_offsets-41 with properties {cleanup.policy=compact, compression.type="producer", segment.bytes=104857600}
2026-05-19T00:49:16.453-06:00  INFO 18504 --- [r-event-handler] kafka.cluster.Partition                  : [Partition __consumer_offsets-41 broker=0] No checkpointed highwatermark is found for partition __consumer_offsets-41
2026-05-19T00:49:16.454-06:00  INFO 18504 --- [r-event-handler] kafka.cluster.Partition                  : [Partition __consumer_offsets-41 broker=0] Log loaded for partition __consumer_offsets-41 with initial high watermark 0
2026-05-19T00:49:16.454-06:00  INFO 18504 --- [r-event-handler] state.change.logger                      : [Broker id=0] Leader __consumer_offsets-41 with topic id Some(GXVyUiqfQBeeSYgvTTMmFg) starts at leader epoch 0 from offset 0 with partition epoch 0, high watermark 0, ISR [0], adding replicas [] and removing replicas [] . Previous leader None and previous leader epoch was -1.
2026-05-19T00:49:16.460-06:00  INFO 18504 --- [r-event-handler] state.change.logger                      : [Broker id=0] Creating new partition __consumer_offsets-24 with topic id GXVyUiqfQBeeSYgvTTMmFg.
2026-05-19T00:49:16.475-06:00  INFO 18504 --- [r-event-handler] kafka.log.UnifiedLog$                    : [LogLoader partition=__consumer_offsets-24, dir=C:\Users\nelso\AppData\Local\Temp\kafka-12394822379088219621\broker_0_data0] Loading producer state till offset 0 with message format version 2
2026-05-19T00:49:16.477-06:00  INFO 18504 --- [r-event-handler] kafka.log.LogManager                     : Created log for partition __consumer_offsets-24 in C:\Users\nelso\AppData\Local\Temp\kafka-12394822379088219621\broker_0_data0\__consumer_offsets-24 with properties {cleanup.policy=compact, compression.type="producer", segment.bytes=104857600}
2026-05-19T00:49:16.477-06:00  INFO 18504 --- [r-event-handler] kafka.cluster.Partition                  : [Partition __consumer_offsets-24 broker=0] No checkpointed highwatermark is found for partition __consumer_offsets-24
2026-05-19T00:49:16.478-06:00  INFO 18504 --- [r-event-handler] kafka.cluster.Partition                  : [Partition __consumer_offsets-24 broker=0] Log loaded for partition __consumer_offsets-24 with initial high watermark 0
2026-05-19T00:49:16.479-06:00  INFO 18504 --- [r-event-handler] state.change.logger                      : [Broker id=0] Leader __consumer_offsets-24 with topic id Some(GXVyUiqfQBeeSYgvTTMmFg) starts at leader epoch 0 from offset 0 with partition epoch 0, high watermark 0, ISR [0], adding replicas [] and removing replicas [] . Previous leader None and previous leader epoch was -1.
2026-05-19T00:49:16.483-06:00  INFO 18504 --- [r-event-handler] state.change.logger                      : [Broker id=0] Creating new partition __consumer_offsets-20 with topic id GXVyUiqfQBeeSYgvTTMmFg.
2026-05-19T00:49:16.498-06:00  INFO 18504 --- [r-event-handler] kafka.log.UnifiedLog$                    : [LogLoader partition=__consumer_offsets-20, dir=C:\Users\nelso\AppData\Local\Temp\kafka-12394822379088219621\broker_0_data0] Loading producer state till offset 0 with message format version 2
2026-05-19T00:49:16.500-06:00  INFO 18504 --- [r-event-handler] kafka.log.LogManager                     : Created log for partition __consumer_offsets-20 in C:\Users\nelso\AppData\Local\Temp\kafka-12394822379088219621\broker_0_data0\__consumer_offsets-20 with properties {cleanup.policy=compact, compression.type="producer", segment.bytes=104857600}
2026-05-19T00:49:16.501-06:00  INFO 18504 --- [r-event-handler] kafka.cluster.Partition                  : [Partition __consumer_offsets-20 broker=0] No checkpointed highwatermark is found for partition __consumer_offsets-20
2026-05-19T00:49:16.501-06:00  INFO 18504 --- [r-event-handler] kafka.cluster.Partition                  : [Partition __consumer_offsets-20 broker=0] Log loaded for partition __consumer_offsets-20 with initial high watermark 0
2026-05-19T00:49:16.501-06:00  INFO 18504 --- [r-event-handler] state.change.logger                      : [Broker id=0] Leader __consumer_offsets-20 with topic id Some(GXVyUiqfQBeeSYgvTTMmFg) starts at leader epoch 0 from offset 0 with partition epoch 0, high watermark 0, ISR [0], adding replicas [] and removing replicas [] . Previous leader None and previous leader epoch was -1.
2026-05-19T00:49:16.506-06:00  INFO 18504 --- [r-event-handler] state.change.logger                      : [Broker id=0] Creating new partition __consumer_offsets-49 with topic id GXVyUiqfQBeeSYgvTTMmFg.
2026-05-19T00:49:16.522-06:00  INFO 18504 --- [r-event-handler] kafka.log.UnifiedLog$                    : [LogLoader partition=__consumer_offsets-49, dir=C:\Users\nelso\AppData\Local\Temp\kafka-12394822379088219621\broker_0_data0] Loading producer state till offset 0 with message format version 2
2026-05-19T00:49:16.524-06:00  INFO 18504 --- [r-event-handler] kafka.log.LogManager                     : Created log for partition __consumer_offsets-49 in C:\Users\nelso\AppData\Local\Temp\kafka-12394822379088219621\broker_0_data0\__consumer_offsets-49 with properties {cleanup.policy=compact, compression.type="producer", segment.bytes=104857600}
2026-05-19T00:49:16.524-06:00  INFO 18504 --- [r-event-handler] kafka.cluster.Partition                  : [Partition __consumer_offsets-49 broker=0] No checkpointed highwatermark is found for partition __consumer_offsets-49
2026-05-19T00:49:16.525-06:00  INFO 18504 --- [r-event-handler] kafka.cluster.Partition                  : [Partition __consumer_offsets-49 broker=0] Log loaded for partition __consumer_offsets-49 with initial high watermark 0
2026-05-19T00:49:16.525-06:00  INFO 18504 --- [r-event-handler] state.change.logger                      : [Broker id=0] Leader __consumer_offsets-49 with topic id Some(GXVyUiqfQBeeSYgvTTMmFg) starts at leader epoch 0 from offset 0 with partition epoch 0, high watermark 0, ISR [0], adding replicas [] and removing replicas [] . Previous leader None and previous leader epoch was -1.
2026-05-19T00:49:16.530-06:00  INFO 18504 --- [r-event-handler] state.change.logger                      : [Broker id=0] Creating new partition __consumer_offsets-0 with topic id GXVyUiqfQBeeSYgvTTMmFg.
2026-05-19T00:49:16.546-06:00  INFO 18504 --- [r-event-handler] kafka.log.UnifiedLog$                    : [LogLoader partition=__consumer_offsets-0, dir=C:\Users\nelso\AppData\Local\Temp\kafka-12394822379088219621\broker_0_data0] Loading producer state till offset 0 with message format version 2
2026-05-19T00:49:16.548-06:00  INFO 18504 --- [r-event-handler] kafka.log.LogManager                     : Created log for partition __consumer_offsets-0 in C:\Users\nelso\AppData\Local\Temp\kafka-12394822379088219621\broker_0_data0\__consumer_offsets-0 with properties {cleanup.policy=compact, compression.type="producer", segment.bytes=104857600}
2026-05-19T00:49:16.548-06:00  INFO 18504 --- [r-event-handler] kafka.cluster.Partition                  : [Partition __consumer_offsets-0 broker=0] No checkpointed highwatermark is found for partition __consumer_offsets-0
2026-05-19T00:49:16.548-06:00  INFO 18504 --- [r-event-handler] kafka.cluster.Partition                  : [Partition __consumer_offsets-0 broker=0] Log loaded for partition __consumer_offsets-0 with initial high watermark 0
2026-05-19T00:49:16.549-06:00  INFO 18504 --- [r-event-handler] state.change.logger                      : [Broker id=0] Leader __consumer_offsets-0 with topic id Some(GXVyUiqfQBeeSYgvTTMmFg) starts at leader epoch 0 from offset 0 with partition epoch 0, high watermark 0, ISR [0], adding replicas [] and removing replicas [] . Previous leader None and previous leader epoch was -1.
2026-05-19T00:49:16.554-06:00  INFO 18504 --- [r-event-handler] state.change.logger                      : [Broker id=0] Creating new partition __consumer_offsets-29 with topic id GXVyUiqfQBeeSYgvTTMmFg.
2026-05-19T00:49:16.570-06:00  INFO 18504 --- [r-event-handler] kafka.log.UnifiedLog$                    : [LogLoader partition=__consumer_offsets-29, dir=C:\Users\nelso\AppData\Local\Temp\kafka-12394822379088219621\broker_0_data0] Loading producer state till offset 0 with message format version 2
2026-05-19T00:49:16.573-06:00  INFO 18504 --- [r-event-handler] kafka.log.LogManager                     : Created log for partition __consumer_offsets-29 in C:\Users\nelso\AppData\Local\Temp\kafka-12394822379088219621\broker_0_data0\__consumer_offsets-29 with properties {cleanup.policy=compact, compression.type="producer", segment.bytes=104857600}
2026-05-19T00:49:16.573-06:00  INFO 18504 --- [r-event-handler] kafka.cluster.Partition                  : [Partition __consumer_offsets-29 broker=0] No checkpointed highwatermark is found for partition __consumer_offsets-29
2026-05-19T00:49:16.573-06:00  INFO 18504 --- [r-event-handler] kafka.cluster.Partition                  : [Partition __consumer_offsets-29 broker=0] Log loaded for partition __consumer_offsets-29 with initial high watermark 0
2026-05-19T00:49:16.573-06:00  INFO 18504 --- [r-event-handler] state.change.logger                      : [Broker id=0] Leader __consumer_offsets-29 with topic id Some(GXVyUiqfQBeeSYgvTTMmFg) starts at leader epoch 0 from offset 0 with partition epoch 0, high watermark 0, ISR [0], adding replicas [] and removing replicas [] . Previous leader None and previous leader epoch was -1.
2026-05-19T00:49:16.578-06:00  INFO 18504 --- [r-event-handler] state.change.logger                      : [Broker id=0] Creating new partition __consumer_offsets-25 with topic id GXVyUiqfQBeeSYgvTTMmFg.
2026-05-19T00:49:16.593-06:00  INFO 18504 --- [r-event-handler] kafka.log.UnifiedLog$                    : [LogLoader partition=__consumer_offsets-25, dir=C:\Users\nelso\AppData\Local\Temp\kafka-12394822379088219621\broker_0_data0] Loading producer state till offset 0 with message format version 2
2026-05-19T00:49:16.596-06:00  INFO 18504 --- [r-event-handler] kafka.log.LogManager                     : Created log for partition __consumer_offsets-25 in C:\Users\nelso\AppData\Local\Temp\kafka-12394822379088219621\broker_0_data0\__consumer_offsets-25 with properties {cleanup.policy=compact, compression.type="producer", segment.bytes=104857600}
2026-05-19T00:49:16.596-06:00  INFO 18504 --- [r-event-handler] kafka.cluster.Partition                  : [Partition __consumer_offsets-25 broker=0] No checkpointed highwatermark is found for partition __consumer_offsets-25
2026-05-19T00:49:16.596-06:00  INFO 18504 --- [r-event-handler] kafka.cluster.Partition                  : [Partition __consumer_offsets-25 broker=0] Log loaded for partition __consumer_offsets-25 with initial high watermark 0
2026-05-19T00:49:16.597-06:00  INFO 18504 --- [r-event-handler] state.change.logger                      : [Broker id=0] Leader __consumer_offsets-25 with topic id Some(GXVyUiqfQBeeSYgvTTMmFg) starts at leader epoch 0 from offset 0 with partition epoch 0, high watermark 0, ISR [0], adding replicas [] and removing replicas [] . Previous leader None and previous leader epoch was -1.
2026-05-19T00:49:16.601-06:00  INFO 18504 --- [r-event-handler] state.change.logger                      : [Broker id=0] Creating new partition __consumer_offsets-8 with topic id GXVyUiqfQBeeSYgvTTMmFg.
2026-05-19T00:49:16.615-06:00  INFO 18504 --- [r-event-handler] kafka.log.UnifiedLog$                    : [LogLoader partition=__consumer_offsets-8, dir=C:\Users\nelso\AppData\Local\Temp\kafka-12394822379088219621\broker_0_data0] Loading producer state till offset 0 with message format version 2
2026-05-19T00:49:16.617-06:00  INFO 18504 --- [r-event-handler] kafka.log.LogManager                     : Created log for partition __consumer_offsets-8 in C:\Users\nelso\AppData\Local\Temp\kafka-12394822379088219621\broker_0_data0\__consumer_offsets-8 with properties {cleanup.policy=compact, compression.type="producer", segment.bytes=104857600}
2026-05-19T00:49:16.619-06:00  INFO 18504 --- [r-event-handler] kafka.cluster.Partition                  : [Partition __consumer_offsets-8 broker=0] No checkpointed highwatermark is found for partition __consumer_offsets-8
2026-05-19T00:49:16.619-06:00  INFO 18504 --- [r-event-handler] kafka.cluster.Partition                  : [Partition __consumer_offsets-8 broker=0] Log loaded for partition __consumer_offsets-8 with initial high watermark 0
[...]
2026-05-19T00:49:17.214-06:00  INFO 18504 --- [r-event-handler] k.c.group.GroupMetadataManager           : [GroupMetadataManager brokerId=0] Scheduling loading of offsets and group metadata from __consumer_offsets-18 for epoch 0
2026-05-19T00:49:17.214-06:00  INFO 18504 --- [r-event-handler] k.coordinator.group.GroupCoordinator     : [GroupCoordinator 0]: Elected as the group coordinator for partition 31 in epoch 0
2026-05-19T00:49:17.214-06:00  INFO 18504 --- [r-event-handler] k.c.group.GroupMetadataManager           : [GroupMetadataManager brokerId=0] Scheduling loading of offsets and group metadata from __consumer_offsets-31 for epoch 0
2026-05-19T00:49:17.214-06:00  INFO 18504 --- [r-event-handler] k.coordinator.group.GroupCoordinator     : [GroupCoordinator 0]: Elected as the group coordinator for partition 27 in epoch 0
2026-05-19T00:49:17.214-06:00  INFO 18504 --- [r-event-handler] k.c.group.GroupMetadataManager           : [GroupMetadataManager brokerId=0] Scheduling loading of offsets and group metadata from __consumer_offsets-27 for epoch 0
2026-05-19T00:49:17.214-06:00  INFO 18504 --- [r-event-handler] k.coordinator.group.GroupCoordinator     : [GroupCoordinator 0]: Elected as the group coordinator for partition 39 in epoch 0
2026-05-19T00:49:17.214-06:00  INFO 18504 --- [r-event-handler] k.c.group.GroupMetadataManager           : [GroupMetadataManager brokerId=0] Scheduling loading of offsets and group metadata from __consumer_offsets-39 for epoch 0
2026-05-19T00:49:17.214-06:00  INFO 18504 --- [r-event-handler] k.coordinator.group.GroupCoordinator     : [GroupCoordinator 0]: Elected as the group coordinator for partition 6 in epoch 0
2026-05-19T00:49:17.214-06:00  INFO 18504 --- [r-event-handler] k.c.group.GroupMetadataManager           : [GroupMetadataManager brokerId=0] Scheduling loading of offsets and group metadata from __consumer_offsets-6 for epoch 0
2026-05-19T00:49:17.214-06:00  INFO 18504 --- [r-event-handler] k.coordinator.group.GroupCoordinator     : [GroupCoordinator 0]: Elected as the group coordinator for partition 35 in epoch 0
2026-05-19T00:49:17.214-06:00  INFO 18504 --- [r-event-handler] k.c.group.GroupMetadataManager           : [GroupMetadataManager brokerId=0] Scheduling loading of offsets and group metadata from __consumer_offsets-35 for epoch 0
2026-05-19T00:49:17.214-06:00  INFO 18504 --- [r-event-handler] k.coordinator.group.GroupCoordinator     : [GroupCoordinator 0]: Elected as the group coordinator for partition 2 in epoch 0
2026-05-19T00:49:17.214-06:00  INFO 18504 --- [r-event-handler] k.c.group.GroupMetadataManager           : [GroupMetadataManager brokerId=0] Scheduling loading of offsets and group metadata from __consumer_offsets-2 for epoch 0
2026-05-19T00:49:17.214-06:00  INFO 18504 --- [adata-manager-0] k.c.group.GroupMetadataManager           : [GroupMetadataManager brokerId=0] Finished loading offsets and group metadata from __consumer_offsets-13 in 8 milliseconds for epoch 0, of which 4 milliseconds was spent in the scheduler.
2026-05-19T00:49:17.214-06:00  INFO 18504 --- [r-event-handler] k.s.metadata.DynamicConfigPublisher      : [DynamicConfigPublisher broker id=0] Updating topic __consumer_offsets with new configuration : compression.type -> producer,cleanup.policy -> compact,segment.bytes -> 104857600
2026-05-19T00:49:17.214-06:00  INFO 18504 --- [adata-manager-0] k.c.group.GroupMetadataManager           : [GroupMetadataManager brokerId=0] Finished loading offsets and group metadata from __consumer_offsets-46 in 4 milliseconds for epoch 0, of which 4 milliseconds was spent in the scheduler.
2026-05-19T00:49:17.214-06:00  INFO 18504 --- [adata-manager-0] k.c.group.GroupMetadataManager           : [GroupMetadataManager brokerId=0] Finished loading offsets and group metadata from __consumer_offsets-9 in 4 milliseconds for epoch 0, of which 4 milliseconds was spent in the scheduler.
2026-05-19T00:49:17.214-06:00  INFO 18504 --- [adata-manager-0] k.c.group.GroupMetadataManager           : [GroupMetadataManager brokerId=0] Finished loading offsets and group metadata from __consumer_offsets-42 in 4 milliseconds for epoch 0, of which 4 milliseconds was spent in the scheduler.
2026-05-19T00:49:17.230-06:00  INFO 18504 --- [adata-manager-0] k.c.group.GroupMetadataManager           : [GroupMetadataManager brokerId=0] Finished loading offsets and group metadata from __consumer_offsets-21 in 20 milliseconds for epoch 0, of which 4 milliseconds was spent in the scheduler.
2026-05-19T00:49:17.231-06:00  INFO 18504 --- [adata-manager-0] k.c.group.GroupMetadataManager           : [GroupMetadataManager brokerId=0] Finished loading offsets and group metadata from __consumer_offsets-17 in 21 milliseconds for epoch 0, of which 20 milliseconds was spent in the scheduler.
2026-05-19T00:49:17.231-06:00  INFO 18504 --- [adata-manager-0] k.c.group.GroupMetadataManager           : [GroupMetadataManager brokerId=0] Finished loading offsets and group metadata from __consumer_offsets-30 in 21 milliseconds for epoch 0, of which 21 milliseconds was spent in the scheduler.
2026-05-19T00:49:17.231-06:00  INFO 18504 --- [adata-manager-0] k.c.group.GroupMetadataManager           : [GroupMetadataManager brokerId=0] Finished loading offsets and group metadata from __consumer_offsets-26 in 21 milliseconds for epoch 0, of which 21 milliseconds was spent in the scheduler.
2026-05-19T00:49:17.233-06:00  INFO 18504 --- [adata-manager-0] k.c.group.GroupMetadataManager           : [GroupMetadataManager brokerId=0] Finished loading offsets and group metadata from __consumer_offsets-5 in 23 milliseconds for epoch 0, of which 23 milliseconds was spent in the scheduler.
2026-05-19T00:49:17.233-06:00  INFO 18504 --- [adata-manager-0] k.c.group.GroupMetadataManager           : [GroupMetadataManager brokerId=0] Finished loading offsets and group metadata from __consumer_offsets-38 in 23 milliseconds for epoch 0, of which 23 milliseconds was spent in the scheduler.
2026-05-19T00:49:17.233-06:00  INFO 18504 --- [adata-manager-0] k.c.group.GroupMetadataManager           : [GroupMetadataManager brokerId=0] Finished loading offsets and group metadata from __consumer_offsets-1 in 23 milliseconds for epoch 0, of which 23 milliseconds was spent in the scheduler.
2026-05-19T00:49:17.233-06:00  INFO 18504 --- [adata-manager-0] k.c.group.GroupMetadataManager           : [GroupMetadataManager brokerId=0] Finished loading offsets and group metadata from __consumer_offsets-34 in 20 milliseconds for epoch 0, of which 20 milliseconds was spent in the scheduler.
2026-05-19T00:49:17.233-06:00  INFO 18504 --- [adata-manager-0] k.c.group.GroupMetadataManager           : [GroupMetadataManager brokerId=0] Finished loading offsets and group metadata from __consumer_offsets-16 in 20 milliseconds for epoch 0, of which 20 milliseconds was spent in the scheduler.
2026-05-19T00:49:17.233-06:00  INFO 18504 --- [adata-manager-0] k.c.group.GroupMetadataManager           : [GroupMetadataManager brokerId=0] Finished loading offsets and group metadata from __consumer_offsets-45 in 20 milliseconds for epoch 0, of which 20 milliseconds was spent in the scheduler.
2026-05-19T00:49:17.233-06:00  INFO 18504 --- [adata-manager-0] k.c.group.GroupMetadataManager           : [GroupMetadataManager brokerId=0] Finished loading offsets and group metadata from __consumer_offsets-12 in 20 milliseconds for epoch 0, of which 20 milliseconds was spent in the scheduler.
2026-05-19T00:49:17.233-06:00  INFO 18504 --- [adata-manager-0] k.c.group.GroupMetadataManager           : [GroupMetadataManager brokerId=0] Finished loading offsets and group metadata from __consumer_offsets-41 in 19 milliseconds for epoch 0, of which 19 milliseconds was spent in the scheduler.
2026-05-19T00:49:17.233-06:00  INFO 18504 --- [adata-manager-0] k.c.group.GroupMetadataManager           : [GroupMetadataManager brokerId=0] Finished loading offsets and group metadata from __consumer_offsets-24 in 19 milliseconds for epoch 0, of which 19 milliseconds was spent in the scheduler.
2026-05-19T00:49:17.233-06:00  INFO 18504 --- [adata-manager-0] k.c.group.GroupMetadataManager           : [GroupMetadataManager brokerId=0] Finished loading offsets and group metadata from __consumer_offsets-20 in 19 milliseconds for epoch 0, of which 19 milliseconds was spent in the scheduler.
2026-05-19T00:49:17.233-06:00  INFO 18504 --- [adata-manager-0] k.c.group.GroupMetadataManager           : [GroupMetadataManager brokerId=0] Finished loading offsets and group metadata from __consumer_offsets-49 in 19 milliseconds for epoch 0, of which 19 milliseconds was spent in the scheduler.
2026-05-19T00:49:17.233-06:00  INFO 18504 --- [adata-manager-0] k.c.group.GroupMetadataManager           : [GroupMetadataManager brokerId=0] Finished loading offsets and group metadata from __consumer_offsets-0 in 19 milliseconds for epoch 0, of which 19 milliseconds was spent in the scheduler.
2026-05-19T00:49:17.233-06:00  INFO 18504 --- [adata-manager-0] k.c.group.GroupMetadataManager           : [GroupMetadataManager brokerId=0] Finished loading offsets and group metadata from __consumer_offsets-29 in 19 milliseconds for epoch 0, of which 19 milliseconds was spent in the scheduler.
2026-05-19T00:49:17.233-06:00  INFO 18504 --- [adata-manager-0] k.c.group.GroupMetadataManager           : [GroupMetadataManager brokerId=0] Finished loading offsets and group metadata from __consumer_offsets-25 in 19 milliseconds for epoch 0, of which 19 milliseconds was spent in the scheduler.
2026-05-19T00:49:17.233-06:00  INFO 18504 --- [adata-manager-0] k.c.group.GroupMetadataManager           : [GroupMetadataManager brokerId=0] Finished loading offsets and group metadata from __consumer_offsets-8 in 19 milliseconds for epoch 0, of which 19 milliseconds was spent in the scheduler.
2026-05-19T00:49:17.238-06:00  INFO 18504 --- [adata-manager-0] k.c.group.GroupMetadataManager           : [GroupMetadataManager brokerId=0] Finished loading offsets and group metadata from __consumer_offsets-37 in 24 milliseconds for epoch 0, of which 19 milliseconds was spent in the scheduler.
2026-05-19T00:49:17.238-06:00  INFO 18504 --- [adata-manager-0] k.c.group.GroupMetadataManager           : [GroupMetadataManager brokerId=0] Finished loading offsets and group metadata from __consumer_offsets-4 in 24 milliseconds for epoch 0, of which 24 milliseconds was spent in the scheduler.
2026-05-19T00:49:17.238-06:00  INFO 18504 --- [adata-manager-0] k.c.group.GroupMetadataManager           : [GroupMetadataManager brokerId=0] Finished loading offsets and group metadata from __consumer_offsets-33 in 24 milliseconds for epoch 0, of which 24 milliseconds was spent in the scheduler.
2026-05-19T00:49:17.238-06:00  INFO 18504 --- [adata-manager-0] k.c.group.GroupMetadataManager           : [GroupMetadataManager brokerId=0] Finished loading offsets and group metadata from __consumer_offsets-15 in 24 milliseconds for epoch 0, of which 24 milliseconds was spent in the scheduler.
2026-05-19T00:49:17.238-06:00  INFO 18504 --- [adata-manager-0] k.c.group.GroupMetadataManager           : [GroupMetadataManager brokerId=0] Finished loading offsets and group metadata from __consumer_offsets-48 in 24 milliseconds for epoch 0, of which 24 milliseconds was spent in the scheduler.
2026-05-19T00:49:17.238-06:00  INFO 18504 --- [adata-manager-0] k.c.group.GroupMetadataManager           : [GroupMetadataManager brokerId=0] Finished loading offsets and group metadata from __consumer_offsets-11 in 24 milliseconds for epoch 0, of which 24 milliseconds was spent in the scheduler.
2026-05-19T00:49:17.238-06:00  INFO 18504 --- [adata-manager-0] k.c.group.GroupMetadataManager           : [GroupMetadataManager brokerId=0] Finished loading offsets and group metadata from __consumer_offsets-44 in 24 milliseconds for epoch 0, of which 24 milliseconds was spent in the scheduler.
2026-05-19T00:49:17.238-06:00  INFO 18504 --- [adata-manager-0] k.c.group.GroupMetadataManager           : [GroupMetadataManager brokerId=0] Finished loading offsets and group metadata from __consumer_offsets-23 in 24 milliseconds for epoch 0, of which 24 milliseconds was spent in the scheduler.
2026-05-19T00:49:17.238-06:00  INFO 18504 --- [adata-manager-0] k.c.group.GroupMetadataManager           : [GroupMetadataManager brokerId=0] Finished loading offsets and group metadata from __consumer_offsets-19 in 24 milliseconds for epoch 0, of which 24 milliseconds was spent in the scheduler.
2026-05-19T00:49:17.238-06:00  INFO 18504 --- [adata-manager-0] k.c.group.GroupMetadataManager           : [GroupMetadataManager brokerId=0] Finished loading offsets and group metadata from __consumer_offsets-32 in 24 milliseconds for epoch 0, of which 24 milliseconds was spent in the scheduler.
2026-05-19T00:49:17.238-06:00  INFO 18504 --- [adata-manager-0] k.c.group.GroupMetadataManager           : [GroupMetadataManager brokerId=0] Finished loading offsets and group metadata from __consumer_offsets-28 in 24 milliseconds for epoch 0, of which 24 milliseconds was spent in the scheduler.
2026-05-19T00:49:17.238-06:00  INFO 18504 --- [adata-manager-0] k.c.group.GroupMetadataManager           : [GroupMetadataManager brokerId=0] Finished loading offsets and group metadata from __consumer_offsets-7 in 24 milliseconds for epoch 0, of which 24 milliseconds was spent in the scheduler.
2026-05-19T00:49:17.238-06:00  INFO 18504 --- [adata-manager-0] k.c.group.GroupMetadataManager           : [GroupMetadataManager brokerId=0] Finished loading offsets and group metadata from __consumer_offsets-40 in 24 milliseconds for epoch 0, of which 24 milliseconds was spent in the scheduler.
2026-05-19T00:49:17.238-06:00  INFO 18504 --- [adata-manager-0] k.c.group.GroupMetadataManager           : [GroupMetadataManager brokerId=0] Finished loading offsets and group metadata from __consumer_offsets-3 in 24 milliseconds for epoch 0, of which 24 milliseconds was spent in the scheduler.
2026-05-19T00:49:17.238-06:00  INFO 18504 --- [adata-manager-0] k.c.group.GroupMetadataManager           : [GroupMetadataManager brokerId=0] Finished loading offsets and group metadata from __consumer_offsets-36 in 24 milliseconds for epoch 0, of which 24 milliseconds was spent in the scheduler.
2026-05-19T00:49:17.238-06:00  INFO 18504 --- [adata-manager-0] k.c.group.GroupMetadataManager           : [GroupMetadataManager brokerId=0] Finished loading offsets and group metadata from __consumer_offsets-47 in 24 milliseconds for epoch 0, of which 24 milliseconds was spent in the scheduler.
2026-05-19T00:49:17.238-06:00  INFO 18504 --- [adata-manager-0] k.c.group.GroupMetadataManager           : [GroupMetadataManager brokerId=0] Finished loading offsets and group metadata from __consumer_offsets-14 in 24 milliseconds for epoch 0, of which 24 milliseconds was spent in the scheduler.
2026-05-19T00:49:17.238-06:00  INFO 18504 --- [adata-manager-0] k.c.group.GroupMetadataManager           : [GroupMetadataManager brokerId=0] Finished loading offsets and group metadata from __consumer_offsets-43 in 24 milliseconds for epoch 0, of which 24 milliseconds was spent in the scheduler.
2026-05-19T00:49:17.238-06:00  INFO 18504 --- [adata-manager-0] k.c.group.GroupMetadataManager           : [GroupMetadataManager brokerId=0] Finished loading offsets and group metadata from __consumer_offsets-10 in 24 milliseconds for epoch 0, of which 24 milliseconds was spent in the scheduler.
2026-05-19T00:49:17.238-06:00  INFO 18504 --- [adata-manager-0] k.c.group.GroupMetadataManager           : [GroupMetadataManager brokerId=0] Finished loading offsets and group metadata from __consumer_offsets-22 in 24 milliseconds for epoch 0, of which 24 milliseconds was spent in the scheduler.
2026-05-19T00:49:17.238-06:00  INFO 18504 --- [adata-manager-0] k.c.group.GroupMetadataManager           : [GroupMetadataManager brokerId=0] Finished loading offsets and group metadata from __consumer_offsets-18 in 24 milliseconds for epoch 0, of which 24 milliseconds was spent in the scheduler.
2026-05-19T00:49:17.238-06:00  INFO 18504 --- [adata-manager-0] k.c.group.GroupMetadataManager           : [GroupMetadataManager brokerId=0] Finished loading offsets and group metadata from __consumer_offsets-31 in 24 milliseconds for epoch 0, of which 24 milliseconds was spent in the scheduler.
2026-05-19T00:49:17.238-06:00  INFO 18504 --- [adata-manager-0] k.c.group.GroupMetadataManager           : [GroupMetadataManager brokerId=0] Finished loading offsets and group metadata from __consumer_offsets-27 in 24 milliseconds for epoch 0, of which 24 milliseconds was spent in the scheduler.
2026-05-19T00:49:17.238-06:00  INFO 18504 --- [adata-manager-0] k.c.group.GroupMetadataManager           : [GroupMetadataManager brokerId=0] Finished loading offsets and group metadata from __consumer_offsets-39 in 24 milliseconds for epoch 0, of which 24 milliseconds was spent in the scheduler.
2026-05-19T00:49:17.238-06:00  INFO 18504 --- [adata-manager-0] k.c.group.GroupMetadataManager           : [GroupMetadataManager brokerId=0] Finished loading offsets and group metadata from __consumer_offsets-6 in 24 milliseconds for epoch 0, of which 24 milliseconds was spent in the scheduler.
2026-05-19T00:49:17.238-06:00  INFO 18504 --- [adata-manager-0] k.c.group.GroupMetadataManager           : [GroupMetadataManager brokerId=0] Finished loading offsets and group metadata from __consumer_offsets-35 in 24 milliseconds for epoch 0, of which 24 milliseconds was spent in the scheduler.
2026-05-19T00:49:17.238-06:00  INFO 18504 --- [adata-manager-0] k.c.group.GroupMetadataManager           : [GroupMetadataManager brokerId=0] Finished loading offsets and group metadata from __consumer_offsets-2 in 24 milliseconds for epoch 0, of which 24 milliseconds was spent in the scheduler.
2026-05-19T00:49:17.331-06:00  INFO 18504 --- [quest-handler-1] k.coordinator.group.GroupCoordinator     : [GroupCoordinator 0]: Dynamic member with unknown member id joins group banco-group in Empty state. Created a new member id consumer-banco-group-2-9ad81948-c165-44c9-8340-c31ba37c865d and request the member to rejoin with this id.
2026-05-19T00:49:17.351-06:00  INFO 18504 --- [quest-handler-6] k.coordinator.group.GroupCoordinator     : [GroupCoordinator 0]: Preparing to rebalance group banco-group in state PreparingRebalance with old generation 0 (__consumer_offsets-11) (reason: Adding new member consumer-banco-group-2-9ad81948-c165-44c9-8340-c31ba37c865d with group instance id None; client reason: rebalance failed due to MemberIdRequiredException)
2026-05-19T00:49:17.364-06:00  INFO 18504 --- [cutor-Rebalance] k.coordinator.group.GroupCoordinator     : [GroupCoordinator 0]: Stabilized group banco-group generation 1 (__consumer_offsets-11) with 1 members
2026-05-19T00:49:17.406-06:00  INFO 18504 --- [quest-handler-3] k.coordinator.group.GroupCoordinator     : [GroupCoordinator 0]: Assignment received from leader consumer-banco-group-2-9ad81948-c165-44c9-8340-c31ba37c865d for group banco-group for generation 1. The group has 1 members, 0 of which are static.
2026-05-19T00:49:17.499-06:00  WARN 18504 --- [ntainer#0-0-C-1] org.apache.kafka.clients.NetworkClient   : [Consumer clientId=consumer-banco-group-1, groupId=banco-group] Connection to node -1 (localhost/127.0.0.1:9092) could not be established. Broker may not be available.
2026-05-19T00:49:17.499-06:00  WARN 18504 --- [ntainer#0-0-C-1] org.apache.kafka.clients.NetworkClient   : [Consumer clientId=consumer-banco-group-1, groupId=banco-group] Bootstrap broker localhost:9092 (id: -1 rack: null) disconnected
2026-05-19T00:49:17.501-06:00  INFO 18504 --- [ntainer#0-0-C-1] o.s.k.l.KafkaMessageListenerContainer    : banco-group: partitions assigned: [transacciones-0]
]]></system-out>
  </testcase>
</testsuite>