<?xml version="1.0" encoding="UTF-8"?>
<testsuite xmlns:xsi="http://www.w3.org/2001/XMLSchema-instance" xsi:noNamespaceSchemaLocation="https://maven.apache.org/surefire/maven-failsafe-plugin/xsd/failsafe-test-report-3.0.xsd" version="3.0" name="com.banco.core.cliente.ClienteControllerIntegrationIT" time="24.917" tests="1" errors="0" skipped="0" failures="0">
  <properties>
[...]
</properties>
  <testcase name="crearYObtenerCliente" classname="com.banco.core.cliente.ClienteControllerIntegrationIT" time="2.732">
    <system-out><![CDATA[00:48:43.071 [main] INFO org.springframework.test.context.support.AnnotationConfigContextLoaderUtils -- Could not detect default configuration classes for test class [com.banco.core.cliente.ClienteControllerIntegrationIT]: ClienteControllerIntegrationIT does not declare any static, non-private, non-final, nested classes annotated with @Configuration.
00:48:43.379 [main] INFO org.springframework.boot.test.context.SpringBootTestContextBootstrapper -- Found @SpringBootConfiguration com.banco.core.BancoCoreApplication for test class com.banco.core.cliente.ClienteControllerIntegrationIT

  .   ____          _            __ _ _
 /\\ / ___'_ __ _ _(_)_ __  __ _ \ \ \ \
( ( )\___ | '_ | '_| | '_ \/ _` | \ \ \ \
 \\/  ___)| |_)| | | | | || (_| |  ) ) ) )
  '  |____| .__|_| |_|_| |_\__, | / / / /
 =========|_|==============|___/=/_/_/_/
 :: Spring Boot ::                (v3.2.3)

2026-05-19T00:48:44.805-06:00  INFO 18504 --- [           main] c.b.c.c.ClienteControllerIntegrationIT   : Starting ClienteControllerIntegrationIT using Java 21.0.11 with PID 18504 (started by nelso in D:\Data\ProgramacionAvanzadaJava\proyecto-final)
2026-05-19T00:48:44.808-06:00  INFO 18504 --- [           main] c.b.c.c.ClienteControllerIntegrationIT   : No active profile set, falling back to 1 default profile: "default"
2026-05-19T00:48:48.623-06:00  INFO 18504 --- [           main] .s.d.r.c.RepositoryConfigurationDelegate : Bootstrapping Spring Data JPA repositories in DEFAULT mode.
2026-05-19T00:48:48.769-06:00  INFO 18504 --- [           main] .s.d.r.c.RepositoryConfigurationDelegate : Finished Spring Data repository scanning in 123 ms. Found 3 JPA repository interfaces.
2026-05-19T00:48:52.232-06:00  INFO 18504 --- [           main] o.s.b.w.embedded.tomcat.TomcatWebServer  : Tomcat initialized with port 0 (http)
2026-05-19T00:48:52.304-06:00  INFO 18504 --- [           main] o.apache.catalina.core.StandardService   : Starting service [Tomcat]
2026-05-19T00:48:52.304-06:00  INFO 18504 --- [           main] o.apache.catalina.core.StandardEngine    : Starting Servlet engine: [Apache Tomcat/10.1.19]
2026-05-19T00:48:52.542-06:00  INFO 18504 --- [           main] o.a.c.c.C.[Tomcat].[localhost].[/]       : Initializing Spring embedded WebApplicationContext
2026-05-19T00:48:52.554-06:00  INFO 18504 --- [           main] w.s.c.ServletWebServerApplicationContext : Root WebApplicationContext: initialization completed in 7679 ms
2026-05-19T00:48:53.844-06:00  INFO 18504 --- [           main] o.hibernate.jpa.internal.util.LogHelper  : HHH000204: Processing PersistenceUnitInfo [name: default]
2026-05-19T00:48:54.049-06:00  INFO 18504 --- [           main] org.hibernate.Version                    : HHH000412: Hibernate ORM core version 6.4.4.Final
2026-05-19T00:48:54.276-06:00  INFO 18504 --- [           main] o.h.c.internal.RegionFactoryInitiator    : HHH000026: Second-level cache disabled
2026-05-19T00:48:55.089-06:00  INFO 18504 --- [           main] o.s.o.j.p.SpringPersistenceUnitInfo      : No LoadTimeWeaver setup: ignoring JPA class transformer
2026-05-19T00:48:55.165-06:00  INFO 18504 --- [           main] com.zaxxer.hikari.HikariDataSource       : HikariPool-1 - Starting...
2026-05-19T00:48:55.573-06:00  INFO 18504 --- [           main] com.zaxxer.hikari.pool.HikariPool        : HikariPool-1 - Added connection conn0: url=jdbc:h2:mem:testdb user=SA
2026-05-19T00:48:55.576-06:00  INFO 18504 --- [           main] com.zaxxer.hikari.HikariDataSource       : HikariPool-1 - Start completed.
2026-05-19T00:48:55.655-06:00  WARN 18504 --- [           main] org.hibernate.orm.deprecation            : HHH90000025: H2Dialect does not need to be specified explicitly using 'hibernate.dialect' (remove the property setting and it will be selected by default)
2026-05-19T00:48:58.508-06:00  INFO 18504 --- [           main] o.h.e.t.j.p.i.JtaPlatformInitiator       : HHH000489: No JTA platform available (set 'hibernate.transaction.jta.platform' to enable JTA platform integration)
2026-05-19T00:48:58.598-06:00  INFO 18504 --- [           main] j.LocalContainerEntityManagerFactoryBean : Initialized JPA EntityManagerFactory for persistence unit 'default'
2026-05-19T00:49:01.075-06:00  WARN 18504 --- [           main] JpaBaseConfiguration$JpaWebConfiguration : spring.jpa.open-in-view is enabled by default. Therefore, database queries may be performed during view rendering. Explicitly configure spring.jpa.open-in-view to disable this warning
2026-05-19T00:49:01.484-06:00  INFO 18504 --- [           main] o.s.b.a.w.s.WelcomePageHandlerMapping    : Adding welcome page: class path resource [static/index.html]
2026-05-19T00:49:02.448-06:00  INFO 18504 --- [           main] o.s.b.a.e.web.EndpointLinksResolver      : Exposing 1 endpoint(s) beneath base path '/actuator'
2026-05-19T00:49:02.504-06:00  INFO 18504 --- [           main] o.s.s.web.DefaultSecurityFilterChain     : Will secure any request with [org.springframework.security.web.session.DisableEncodeUrlFilter@627a1c77, org.springframework.security.web.context.request.async.WebAsyncManagerIntegrationFilter@1acfb04c, org.springframework.security.web.context.SecurityContextHolderFilter@13cfa1ec, org.springframework.security.web.header.HeaderWriterFilter@7ddf7e77, org.springframework.web.filter.CorsFilter@a683f92, org.springframework.security.web.authentication.logout.LogoutFilter@f341e3c, org.springframework.security.web.savedrequest.RequestCacheAwareFilter@75be6796, org.springframework.security.web.servletapi.SecurityContextHolderAwareRequestFilter@6725f9e0, org.springframework.security.web.authentication.AnonymousAuthenticationFilter@6fb9dab6, org.springframework.security.web.session.SessionManagementFilter@495c3d15, org.springframework.security.web.access.ExceptionTranslationFilter@3eff5c32, org.springframework.security.web.access.intercept.AuthorizationFilter@6c9fe061]
2026-05-19T00:49:04.308-06:00  INFO 18504 --- [           main] o.s.b.w.embedded.tomcat.TomcatWebServer  : Tomcat started on port 52929 (http) with context path ''
2026-05-19T00:49:04.846-06:00  INFO 18504 --- [           main] fkaConsumerFactory$ExtendedKafkaConsumer : [Consumer clientId=consumer-banco-group-1, groupId=banco-group] Subscribed to topic(s): transacciones
2026-05-19T00:49:04.913-06:00  INFO 18504 --- [           main] c.b.c.c.ClienteControllerIntegrationIT   : Started ClienteControllerIntegrationIT in 21.166 seconds (process running for 24.549)
2026-05-19T00:49:06.115-06:00  WARN 18504 --- [ntainer#0-0-C-1] org.apache.kafka.clients.NetworkClient   : [Consumer clientId=consumer-banco-group-1, groupId=banco-group] Connection to node -1 (localhost/127.0.0.1:9092) could not be established. Broker may not be available.
2026-05-19T00:49:06.115-06:00  WARN 18504 --- [ntainer#0-0-C-1] org.apache.kafka.clients.NetworkClient   : [Consumer clientId=consumer-banco-group-1, groupId=banco-group] Bootstrap broker localhost:9092 (id: -1 rack: null) disconnected
2026-05-19T00:49:06.217-06:00  WARN 18504 --- [ntainer#0-0-C-1] org.apache.kafka.clients.NetworkClient   : [Consumer clientId=consumer-banco-group-1, groupId=banco-group] Connection to node -1 (localhost/127.0.0.1:9092) could not be established. Broker may not be available.
2026-05-19T00:49:06.217-06:00  WARN 18504 --- [ntainer#0-0-C-1] org.apache.kafka.clients.NetworkClient   : [Consumer clientId=consumer-banco-group-1, groupId=banco-group] Bootstrap broker localhost:9092 (id: -1 rack: null) disconnected
2026-05-19T00:49:06.339-06:00  WARN 18504 --- [ntainer#0-0-C-1] org.apache.kafka.clients.NetworkClient   : [Consumer clientId=consumer-banco-group-1, groupId=banco-group] Connection to node -1 (localhost/127.0.0.1:9092) could not be established. Broker may not be available.
2026-05-19T00:49:06.351-06:00  WARN 18504 --- [ntainer#0-0-C-1] org.apache.kafka.clients.NetworkClient   : [Consumer clientId=consumer-banco-group-1, groupId=banco-group] Bootstrap broker localhost:9092 (id: -1 rack: null) disconnected
2026-05-19T00:49:06.560-06:00  WARN 18504 --- [ntainer#0-0-C-1] org.apache.kafka.clients.NetworkClient   : [Consumer clientId=consumer-banco-group-1, groupId=banco-group] Connection to node -1 (localhost/127.0.0.1:9092) could not be established. Broker may not be available.
2026-05-19T00:49:06.560-06:00  WARN 18504 --- [ntainer#0-0-C-1] org.apache.kafka.clients.NetworkClient   : [Consumer clientId=consumer-banco-group-1, groupId=banco-group] Bootstrap broker localhost:9092 (id: -1 rack: null) disconnected
2026-05-19T00:49:06.977-06:00  WARN 18504 --- [ntainer#0-0-C-1] org.apache.kafka.clients.NetworkClient   : [Consumer clientId=consumer-banco-group-1, groupId=banco-group] Connection to node -1 (localhost/127.0.0.1:9092) could not be established. Broker may not be available.
2026-05-19T00:49:06.977-06:00  WARN 18504 --- [ntainer#0-0-C-1] org.apache.kafka.clients.NetworkClient   : [Consumer clientId=consumer-banco-group-1, groupId=banco-group] Bootstrap broker localhost:9092 (id: -1 rack: null) disconnected
2026-05-19T00:49:06.980-06:00  INFO 18504 --- [o-auto-1-exec-1] o.a.c.c.C.[Tomcat].[localhost].[/]       : Initializing Spring DispatcherServlet 'dispatcherServlet'
2026-05-19T00:49:06.980-06:00  INFO 18504 --- [o-auto-1-exec-1] o.s.web.servlet.DispatcherServlet        : Initializing Servlet 'dispatcherServlet'
2026-05-19T00:49:06.980-06:00  INFO 18504 --- [o-auto-1-exec-1] o.s.web.servlet.DispatcherServlet        : Completed initialization in 0 ms
]]></system-out>
    <system-err><![CDATA[WARNING: A Java agent has been loaded dynamically (C:\Users\nelso\.m2\repository\net\bytebuddy\byte-buddy-agent\1.14.12\byte-buddy-agent-1.14.12.jar)
WARNING: If a serviceability tool is in use, please run with -XX:+EnableDynamicAgentLoading to hide this warning
WARNING: If a serviceability tool is not in use, please run with -Djdk.instrument.traceUsage for more information
WARNING: Dynamic loading of agents will be disallowed by default in a future release
]]></system-err>
  </testcase>
</testsuite>